#
# There is insufficient memory for the Java Runtime Environment to continue.
# Native memory allocation (malloc) failed to allocate 576656 bytes. Error detail: Chunk::new
# Possible reasons:
#   The system is out of physical RAM or swap space
#   This process is running with CompressedOops enabled, and the Java Heap may be blocking the growth of the native heap
# Possible solutions:
#   Reduce memory load on the system
#   Increase physical memory or swap space
#   Check if swap backing store is full
#   Decrease Java heap size (-Xmx/-Xms)
#   Decrease number of Java threads
#   Decrease Java thread stack sizes (-Xss)
#   Set larger code cache with -XX:ReservedCodeCacheSize=
#   JVM is running with Unscaled Compressed Oops mode in which the Java heap is
#     placed in the first 4GB address space. The Java Heap base address is the
#     maximum limit for the native heap growth. Please use -XX:HeapBaseMinAddress
#     to set the Java Heap base and to place the Java Heap above 4GB virtual address.
# This output file may be truncated or incomplete.
#
#  Out of Memory Error (arena.cpp:191), pid=21336, tid=7360
#
# JRE version: OpenJDK Runtime Environment Microsoft-10376486 (17.0.13+11) (build 17.0.13+11-LTS)
# Java VM: OpenJDK 64-Bit Server VM Microsoft-10376486 (17.0.13+11-LTS, mixed mode, sharing, tiered, compressed oops, compressed class ptrs, g1 gc, windows-amd64)
# No core dump will be written. Minidumps are not enabled by default on client versions of Windows
#

---------------  S U M M A R Y ------------

Command Line: -XX:MaxMetaspaceSize=512m --add-opens=java.base/java.util=ALL-UNNAMED --add-opens=java.base/java.lang=ALL-UNNAMED --add-opens=java.base/java.lang.invoke=ALL-UNNAMED --add-opens=java.prefs/java.util.prefs=ALL-UNNAMED --add-exports=jdk.compiler/com.sun.tools.javac.api=ALL-UNNAMED --add-exports=jdk.compiler/com.sun.tools.javac.util=ALL-UNNAMED --add-opens=java.base/java.nio.charset=ALL-UNNAMED --add-opens=java.base/java.net=ALL-UNNAMED --add-opens=java.base/java.util.concurrent.atomic=ALL-UNNAMED -Xmx2048m -Dfile.encoding=windows-1252 -Duser.country=IN -Duser.language=en -Duser.variant -javaagent:C:\Users\ONDEZX\.gradle\wrapper\dists\gradle-8.10.2-all\7iv73wktx1xtkvlq19urqw1wm\gradle-8.10.2\lib\agents\gradle-instrumentation-agent-8.10.2.jar org.gradle.launcher.daemon.bootstrap.GradleDaemon 8.10.2

Host: Intel(R) Core(TM) i3-6100 CPU @ 3.70GHz, 2 cores, 7G,  Windows 10 , 64 bit Build 19041 (10.0.19041.5072)
Time: Tue Nov 19 14:38:57 2024 India Standard Time elapsed time: 210.438898 seconds (0d 0h 3m 30s)

---------------  T H R E A D  ---------------

Current thread (0x00000239ef51ffe0):  JavaThread "C2 CompilerThread0" daemon [_thread_in_native, id=7360, stack(0x0000007892900000,0x0000007892a00000)]


Current CompileTask:
C2: 210438 3114       4       javax.management.ObjectName::construct (1135 bytes)

Stack: [0x0000007892900000,0x0000007892a00000]
Native frames: (J=compiled Java code, j=interpreted, Vv=VM code, C=native code)
V  [jvm.dll+0x687fc9]
V  [jvm.dll+0x83eeb8]
V  [jvm.dll+0x840963]
V  [jvm.dll+0x840fd3]
V  [jvm.dll+0x24951f]
V  [jvm.dll+0xad0c4]
V  [jvm.dll+0xad75c]
V  [jvm.dll+0x2b0c2f]
V  [jvm.dll+0x58e059]
V  [jvm.dll+0x2237a2]
V  [jvm.dll+0x223b9f]
V  [jvm.dll+0x21c950]
V  [jvm.dll+0x219a7b]
V  [jvm.dll+0x1a5506]
V  [jvm.dll+0x22a1ca]
V  [jvm.dll+0x22830b]
V  [jvm.dll+0x7f4708]
V  [jvm.dll+0x7eea6c]
V  [jvm.dll+0x686ea7]
C  [ucrtbase.dll+0x21bb2]
C  [KERNEL32.DLL+0x17374]
C  [ntdll.dll+0x4cc91]


---------------  P R O C E S S  ---------------

Threads class SMR info:
_java_thread_list=0x00000239f5c0f7f0, length=28, elements={
0x00000239d1deb9a0, 0x00000239ef501610, 0x00000239ef502490, 0x00000239ef51b5e0,
0x00000239ef51dec0, 0x00000239ef51e880, 0x00000239ef51f240, 0x00000239ef51ffe0,
0x00000239ef585da0, 0x00000239ef5893d0, 0x00000239ef58e520, 0x00000239ef6f8770,
0x00000239f4e3e630, 0x00000239f4945ec0, 0x00000239ef91b350, 0x00000239f4b37760,
0x00000239f53b5a90, 0x00000239f48b3570, 0x00000239f48b58e0, 0x00000239f48b53d0,
0x00000239f48b3a80, 0x00000239f48b49b0, 0x00000239f48b6300, 0x00000239f48b6810,
0x00000239f48b3060, 0x00000239f48b44a0, 0x00000239f48b5df0, 0x00000239f48b4ec0
}

Java Threads: ( => current thread )
  0x00000239d1deb9a0 JavaThread "main" [_thread_blocked, id=7816, stack(0x0000007891c00000,0x0000007891d00000)]
  0x00000239ef501610 JavaThread "Reference Handler" daemon [_thread_blocked, id=10144, stack(0x0000007892300000,0x0000007892400000)]
  0x00000239ef502490 JavaThread "Finalizer" daemon [_thread_blocked, id=10188, stack(0x0000007892400000,0x0000007892500000)]
  0x00000239ef51b5e0 JavaThread "Signal Dispatcher" daemon [_thread_blocked, id=19700, stack(0x0000007892500000,0x0000007892600000)]
  0x00000239ef51dec0 JavaThread "Attach Listener" daemon [_thread_blocked, id=19836, stack(0x0000007892600000,0x0000007892700000)]
  0x00000239ef51e880 JavaThread "Service Thread" daemon [_thread_blocked, id=19932, stack(0x0000007892700000,0x0000007892800000)]
  0x00000239ef51f240 JavaThread "Monitor Deflation Thread" daemon [_thread_blocked, id=14624, stack(0x0000007892800000,0x0000007892900000)]
=>0x00000239ef51ffe0 JavaThread "C2 CompilerThread0" daemon [_thread_in_native, id=7360, stack(0x0000007892900000,0x0000007892a00000)]
  0x00000239ef585da0 JavaThread "C1 CompilerThread0" daemon [_thread_blocked, id=18940, stack(0x0000007892a00000,0x0000007892b00000)]
  0x00000239ef5893d0 JavaThread "Sweeper thread" daemon [_thread_blocked, id=9136, stack(0x0000007892b00000,0x0000007892c00000)]
  0x00000239ef58e520 JavaThread "Common-Cleaner" daemon [_thread_blocked, id=12564, stack(0x0000007892c00000,0x0000007892d00000)]
  0x00000239ef6f8770 JavaThread "Notification Thread" daemon [_thread_blocked, id=18484, stack(0x0000007892d00000,0x0000007892e00000)]
  0x00000239f4e3e630 JavaThread "Daemon health stats" [_thread_blocked, id=21916, stack(0x0000007891b00000,0x0000007891c00000)]
  0x00000239f4945ec0 JavaThread "Incoming local TCP Connector on port 50120" [_thread_in_native, id=21784, stack(0x0000007893100000,0x0000007893200000)]
  0x00000239ef91b350 JavaThread "Daemon periodic checks" [_thread_blocked, id=22988, stack(0x0000007893400000,0x0000007893500000)]
  0x00000239f4b37760 JavaThread "Daemon" [_thread_blocked, id=23164, stack(0x0000007893500000,0x0000007893600000)]
  0x00000239f53b5a90 JavaThread "Handler for socket connection from /127.0.0.1:50120 to /127.0.0.1:50123" [_thread_in_native, id=23172, stack(0x0000007893600000,0x0000007893700000)]
  0x00000239f48b3570 JavaThread "Cancel handler" [_thread_blocked, id=23300, stack(0x0000007893700000,0x0000007893800000)]
  0x00000239f48b58e0 JavaThread "Daemon worker" [_thread_blocked, id=18652, stack(0x0000007893800000,0x0000007893900000)]
  0x00000239f48b53d0 JavaThread "Asynchronous log dispatcher for DefaultDaemonConnection: socket connection from /127.0.0.1:50120 to /127.0.0.1:50123" [_thread_blocked, id=22736, stack(0x0000007893900000,0x0000007893a00000)]
  0x00000239f48b3a80 JavaThread "Stdin handler" [_thread_blocked, id=22740, stack(0x0000007893a00000,0x0000007893b00000)]
  0x00000239f48b49b0 JavaThread "Daemon client event forwarder" [_thread_blocked, id=22820, stack(0x0000007893b00000,0x0000007893c00000)]
  0x00000239f48b6300 JavaThread "Cache worker for journal cache (C:\Users\ONDEZX\.gradle\caches\journal-1)" [_thread_blocked, id=20736, stack(0x0000007893c00000,0x0000007893d00000)]
  0x00000239f48b6810 JavaThread "File lock request listener" [_thread_in_native, id=14448, stack(0x0000007893d00000,0x0000007893e00000)]
  0x00000239f48b3060 JavaThread "Cache worker for file hash cache (C:\Users\ONDEZX\.gradle\caches\8.10.2\fileHashes)" [_thread_blocked, id=23128, stack(0x0000007893e00000,0x0000007893f00000)]
  0x00000239f48b44a0 JavaThread "File lock release action executor" [_thread_blocked, id=23280, stack(0x0000007893f00000,0x0000007894000000)]
  0x00000239f48b5df0 JavaThread "Cache worker for file hash cache (C:\Users\ONDEZX\Desktop\pasupathi\testing\AwesomeProject\android\.gradle\8.10.2\fileHashes)" [_thread_blocked, id=21744, stack(0x0000007891a00000,0x0000007891b00000)]
  0x00000239f48b4ec0 JavaThread "Cache worker for Build Output Cleanup Cache (C:\Users\ONDEZX\Desktop\pasupathi\testing\AwesomeProject\android\.gradle\buildOutputCleanup)" [_thread_blocked, id=22464, stack(0x0000007893000000,0x0000007893100000)]

Other Threads:
  0x00000239ef4f9690 VMThread "VM Thread" [stack: 0x0000007892200000,0x0000007892300000] [id=21348]
  0x00000239d1dec960 WatcherThread [stack: 0x0000007892e00000,0x0000007892f00000] [id=780]
  0x00000239d1e45800 GCTaskThread "GC Thread#0" [stack: 0x0000007891d00000,0x0000007891e00000] [id=20456]
  0x00000239ef6fa6d0 GCTaskThread "GC Thread#1" [stack: 0x0000007892f00000,0x0000007893000000] [id=1112]
  0x00000239d1e56080 ConcurrentGCThread "G1 Main Marker" [stack: 0x0000007891e00000,0x0000007891f00000] [id=1936]
  0x00000239d1e56aa0 ConcurrentGCThread "G1 Conc#0" [stack: 0x0000007891f00000,0x0000007892000000] [id=5912]
  0x00000239d1e9d950 ConcurrentGCThread "G1 Refine#0" [stack: 0x0000007892000000,0x0000007892100000] [id=20068]
  0x00000239d1e9e380 ConcurrentGCThread "G1 Service" [stack: 0x0000007892100000,0x0000007892200000] [id=20240]

Threads with active compile tasks:
C2 CompilerThread0   210549 3114       4       javax.management.ObjectName::construct (1135 bytes)

VM state: not at safepoint (normal execution)

VM Mutex/Monitor currently owned by a thread:  ([mutex/lock_event])
[0x00000239d1de7a30] Heap_lock - owner thread: 0x00000239f48b58e0

Heap address: 0x0000000080000000, size: 2048 MB, Compressed Oops mode: 32-bit

CDS archive(s) mapped at: [0x0000023980000000-0x0000023980bb0000-0x0000023980bb0000), size 12255232, SharedBaseAddress: 0x0000023980000000, ArchiveRelocationMode: 1.
Compressed class space mapped at: 0x0000023981000000-0x000002399b000000, reserved size: 436207616
Narrow klass base: 0x0000023980000000, Narrow klass shift: 0, Narrow klass range: 0x100000000

GC Precious Log:
 CPUs: 2 total, 2 available
 Memory: 8055M
 Large Page Support: Disabled
 NUMA Support: Disabled
 Compressed Oops: Enabled (32-bit)
 Heap Region Size: 1M
 Heap Min Capacity: 8M
 Heap Initial Capacity: 126M
 Heap Max Capacity: 2G
 Pre-touch: Disabled
 Parallel Workers: 2
 Concurrent Workers: 1
 Concurrent Refinement Workers: 2
 Periodic GC: Disabled

Heap:
 garbage-first heap   total 129024K, used 25097K [0x0000000080000000, 0x0000000100000000)
  region size 1024K, 8 young (8192K), 8 survivors (8192K)
 Metaspace       used 21204K, committed 21568K, reserved 491520K
  class space    used 3044K, committed 3200K, reserved 425984K

Heap Regions: E=young(eden), S=young(survivor), O=old, HS=humongous(starts), HC=humongous(continues), CS=collection set, F=free, OA=open archive, CA=closed archive, TAMS=top-at-mark-start (previous, next)
|   0|0x0000000080000000, 0x0000000080100000, 0x0000000080100000|100%| O|  |TAMS 0x0000000080000000, 0x0000000080100000| Untracked 
|   1|0x0000000080100000, 0x0000000080200000, 0x0000000080200000|100%|HS|  |TAMS 0x0000000080100000, 0x0000000080200000| Complete 
|   2|0x0000000080200000, 0x0000000080300000, 0x0000000080300000|100%|HC|  |TAMS 0x0000000080200000, 0x0000000080300000| Complete 
|   3|0x0000000080300000, 0x0000000080400000, 0x0000000080400000|100%|HC|  |TAMS 0x0000000080300000, 0x0000000080400000| Complete 
|   4|0x0000000080400000, 0x0000000080500000, 0x0000000080500000|100%|HC|  |TAMS 0x0000000080400000, 0x0000000080500000| Complete 
|   5|0x0000000080500000, 0x0000000080600000, 0x0000000080600000|100%| O|  |TAMS 0x0000000080500000, 0x0000000080600000| Untracked 
|   6|0x0000000080600000, 0x0000000080700000, 0x0000000080700000|100%| O|  |TAMS 0x0000000080600000, 0x0000000080700000| Untracked 
|   7|0x0000000080700000, 0x0000000080800000, 0x0000000080800000|100%| O|  |TAMS 0x0000000080700000, 0x0000000080800000| Untracked 
|   8|0x0000000080800000, 0x0000000080900000, 0x0000000080900000|100%| O|  |TAMS 0x0000000080800000, 0x0000000080900000| Untracked 
|   9|0x0000000080900000, 0x0000000080a00000, 0x0000000080a00000|100%|HS|  |TAMS 0x0000000080900000, 0x0000000080a00000| Complete 
|  10|0x0000000080a00000, 0x0000000080b00000, 0x0000000080b00000|100%| O|  |TAMS 0x0000000080a00000, 0x0000000080b00000| Untracked 
|  11|0x0000000080b00000, 0x0000000080c00000, 0x0000000080c00000|100%| O|  |TAMS 0x0000000080b00000, 0x0000000080c00000| Untracked 
|  12|0x0000000080c00000, 0x0000000080d00000, 0x0000000080d00000|100%| O|  |TAMS 0x0000000080c00000, 0x0000000080d00000| Untracked 
|  13|0x0000000080d00000, 0x0000000080e00000, 0x0000000080e00000|100%| O|  |TAMS 0x0000000080d00000, 0x0000000080e00000| Untracked 
|  14|0x0000000080e00000, 0x0000000080f00000, 0x0000000080f00000|100%| O|  |TAMS 0x0000000080e00000, 0x0000000080f00000| Untracked 
|  15|0x0000000080f00000, 0x0000000081000000, 0x0000000081000000|100%| O|  |TAMS 0x0000000080f00000, 0x0000000081000000| Untracked 
|  16|0x0000000081000000, 0x0000000081100000, 0x0000000081100000|100%| O|  |TAMS 0x0000000081000000, 0x0000000081100000| Untracked 
|  17|0x0000000081100000, 0x0000000081113600, 0x0000000081200000|  7%| O|  |TAMS 0x0000000081100000, 0x0000000081113600| Untracked 
|  18|0x0000000081200000, 0x0000000081200000, 0x0000000081300000|  0%| F|  |TAMS 0x0000000081200000, 0x0000000081200000| Untracked 
|  19|0x0000000081300000, 0x0000000081300000, 0x0000000081400000|  0%| F|  |TAMS 0x0000000081300000, 0x0000000081300000| Untracked 
|  20|0x0000000081400000, 0x0000000081400000, 0x0000000081500000|  0%| F|  |TAMS 0x0000000081400000, 0x0000000081400000| Untracked 
|  21|0x0000000081500000, 0x0000000081500000, 0x0000000081600000|  0%| F|  |TAMS 0x0000000081500000, 0x0000000081500000| Untracked 
|  22|0x0000000081600000, 0x0000000081600000, 0x0000000081700000|  0%| F|  |TAMS 0x0000000081600000, 0x0000000081600000| Untracked 
|  23|0x0000000081700000, 0x0000000081700000, 0x0000000081800000|  0%| F|  |TAMS 0x0000000081700000, 0x0000000081700000| Untracked 
|  24|0x0000000081800000, 0x0000000081800000, 0x0000000081900000|  0%| F|  |TAMS 0x0000000081800000, 0x0000000081800000| Untracked 
|  25|0x0000000081900000, 0x0000000081900000, 0x0000000081a00000|  0%| F|  |TAMS 0x0000000081900000, 0x0000000081900000| Untracked 
|  26|0x0000000081a00000, 0x0000000081a00000, 0x0000000081b00000|  0%| F|  |TAMS 0x0000000081a00000, 0x0000000081a00000| Untracked 
|  27|0x0000000081b00000, 0x0000000081b00000, 0x0000000081c00000|  0%| F|  |TAMS 0x0000000081b00000, 0x0000000081b00000| Untracked 
|  28|0x0000000081c00000, 0x0000000081c00000, 0x0000000081d00000|  0%| F|  |TAMS 0x0000000081c00000, 0x0000000081c00000| Untracked 
|  29|0x0000000081d00000, 0x0000000081d00000, 0x0000000081e00000|  0%| F|  |TAMS 0x0000000081d00000, 0x0000000081d00000| Untracked 
|  30|0x0000000081e00000, 0x0000000081e00000, 0x0000000081f00000|  0%| F|  |TAMS 0x0000000081e00000, 0x0000000081e00000| Untracked 
|  31|0x0000000081f00000, 0x0000000081f00000, 0x0000000082000000|  0%| F|  |TAMS 0x0000000081f00000, 0x0000000081f00000| Untracked 
|  32|0x0000000082000000, 0x0000000082000000, 0x0000000082100000|  0%| F|  |TAMS 0x0000000082000000, 0x0000000082000000| Untracked 
|  33|0x0000000082100000, 0x0000000082100000, 0x0000000082200000|  0%| F|  |TAMS 0x0000000082100000, 0x0000000082100000| Untracked 
|  34|0x0000000082200000, 0x0000000082200000, 0x0000000082300000|  0%| F|  |TAMS 0x0000000082200000, 0x0000000082200000| Untracked 
|  35|0x0000000082300000, 0x0000000082300000, 0x0000000082400000|  0%| F|  |TAMS 0x0000000082300000, 0x0000000082300000| Untracked 
|  36|0x0000000082400000, 0x0000000082400000, 0x0000000082500000|  0%| F|  |TAMS 0x0000000082400000, 0x0000000082400000| Untracked 
|  37|0x0000000082500000, 0x0000000082500000, 0x0000000082600000|  0%| F|  |TAMS 0x0000000082500000, 0x0000000082500000| Untracked 
|  38|0x0000000082600000, 0x0000000082600000, 0x0000000082700000|  0%| F|  |TAMS 0x0000000082600000, 0x0000000082600000| Untracked 
|  39|0x0000000082700000, 0x0000000082700000, 0x0000000082800000|  0%| F|  |TAMS 0x0000000082700000, 0x0000000082700000| Untracked 
|  40|0x0000000082800000, 0x0000000082800000, 0x0000000082900000|  0%| F|  |TAMS 0x0000000082800000, 0x0000000082800000| Untracked 
|  41|0x0000000082900000, 0x0000000082900000, 0x0000000082a00000|  0%| F|  |TAMS 0x0000000082900000, 0x0000000082900000| Untracked 
|  42|0x0000000082a00000, 0x0000000082a00000, 0x0000000082b00000|  0%| F|  |TAMS 0x0000000082a00000, 0x0000000082a00000| Untracked 
|  43|0x0000000082b00000, 0x0000000082b00000, 0x0000000082c00000|  0%| F|  |TAMS 0x0000000082b00000, 0x0000000082b00000| Untracked 
|  44|0x0000000082c00000, 0x0000000082c00000, 0x0000000082d00000|  0%| F|  |TAMS 0x0000000082c00000, 0x0000000082c00000| Untracked 
|  45|0x0000000082d00000, 0x0000000082d00000, 0x0000000082e00000|  0%| F|  |TAMS 0x0000000082d00000, 0x0000000082d00000| Untracked 
|  46|0x0000000082e00000, 0x0000000082e00000, 0x0000000082f00000|  0%| F|  |TAMS 0x0000000082e00000, 0x0000000082e00000| Untracked 
|  47|0x0000000082f00000, 0x0000000082f00000, 0x0000000083000000|  0%| F|  |TAMS 0x0000000082f00000, 0x0000000082f00000| Untracked 
|  48|0x0000000083000000, 0x0000000083000000, 0x0000000083100000|  0%| F|  |TAMS 0x0000000083000000, 0x0000000083000000| Untracked 
|  49|0x0000000083100000, 0x0000000083100000, 0x0000000083200000|  0%| F|  |TAMS 0x0000000083100000, 0x0000000083100000| Untracked 
|  50|0x0000000083200000, 0x0000000083200000, 0x0000000083300000|  0%| F|  |TAMS 0x0000000083200000, 0x0000000083200000| Untracked 
|  51|0x0000000083300000, 0x0000000083300000, 0x0000000083400000|  0%| F|  |TAMS 0x0000000083300000, 0x0000000083300000| Untracked 
|  52|0x0000000083400000, 0x0000000083400000, 0x0000000083500000|  0%| F|  |TAMS 0x0000000083400000, 0x0000000083400000| Untracked 
|  53|0x0000000083500000, 0x0000000083500000, 0x0000000083600000|  0%| F|  |TAMS 0x0000000083500000, 0x0000000083500000| Untracked 
|  54|0x0000000083600000, 0x0000000083600000, 0x0000000083700000|  0%| F|  |TAMS 0x0000000083600000, 0x0000000083600000| Untracked 
|  55|0x0000000083700000, 0x0000000083700000, 0x0000000083800000|  0%| F|  |TAMS 0x0000000083700000, 0x0000000083700000| Untracked 
|  56|0x0000000083800000, 0x0000000083800000, 0x0000000083900000|  0%| F|  |TAMS 0x0000000083800000, 0x0000000083800000| Untracked 
|  57|0x0000000083900000, 0x0000000083900000, 0x0000000083a00000|  0%| F|  |TAMS 0x0000000083900000, 0x0000000083900000| Untracked 
|  58|0x0000000083a00000, 0x0000000083a00000, 0x0000000083b00000|  0%| F|  |TAMS 0x0000000083a00000, 0x0000000083a00000| Untracked 
|  59|0x0000000083b00000, 0x0000000083b00000, 0x0000000083c00000|  0%| F|  |TAMS 0x0000000083b00000, 0x0000000083b00000| Untracked 
|  60|0x0000000083c00000, 0x0000000083c00000, 0x0000000083d00000|  0%| F|  |TAMS 0x0000000083c00000, 0x0000000083c00000| Untracked 
|  61|0x0000000083d00000, 0x0000000083d00000, 0x0000000083e00000|  0%| F|  |TAMS 0x0000000083d00000, 0x0000000083d00000| Untracked 
|  62|0x0000000083e00000, 0x0000000083e00000, 0x0000000083f00000|  0%| F|  |TAMS 0x0000000083e00000, 0x0000000083e00000| Untracked 
|  63|0x0000000083f00000, 0x0000000083f00000, 0x0000000084000000|  0%| F|  |TAMS 0x0000000083f00000, 0x0000000083f00000| Untracked 
|  64|0x0000000084000000, 0x0000000084000000, 0x0000000084100000|  0%| F|  |TAMS 0x0000000084000000, 0x0000000084000000| Untracked 
|  65|0x0000000084100000, 0x0000000084100000, 0x0000000084200000|  0%| F|  |TAMS 0x0000000084100000, 0x0000000084100000| Untracked 
|  66|0x0000000084200000, 0x0000000084200000, 0x0000000084300000|  0%| F|  |TAMS 0x0000000084200000, 0x0000000084200000| Untracked 
|  67|0x0000000084300000, 0x0000000084300000, 0x0000000084400000|  0%| F|  |TAMS 0x0000000084300000, 0x0000000084300000| Untracked 
|  68|0x0000000084400000, 0x0000000084400000, 0x0000000084500000|  0%| F|  |TAMS 0x0000000084400000, 0x0000000084400000| Untracked 
|  69|0x0000000084500000, 0x0000000084500000, 0x0000000084600000|  0%| F|  |TAMS 0x0000000084500000, 0x0000000084500000| Untracked 
|  70|0x0000000084600000, 0x0000000084600000, 0x0000000084700000|  0%| F|  |TAMS 0x0000000084600000, 0x0000000084600000| Untracked 
|  71|0x0000000084700000, 0x0000000084700000, 0x0000000084800000|  0%| F|  |TAMS 0x0000000084700000, 0x0000000084700000| Untracked 
|  72|0x0000000084800000, 0x0000000084800000, 0x0000000084900000|  0%| F|  |TAMS 0x0000000084800000, 0x0000000084800000| Untracked 
|  73|0x0000000084900000, 0x0000000084900000, 0x0000000084a00000|  0%| F|  |TAMS 0x0000000084900000, 0x0000000084900000| Untracked 
|  74|0x0000000084a00000, 0x0000000084a00000, 0x0000000084b00000|  0%| F|  |TAMS 0x0000000084a00000, 0x0000000084a00000| Untracked 
|  75|0x0000000084b00000, 0x0000000084b00000, 0x0000000084c00000|  0%| F|  |TAMS 0x0000000084b00000, 0x0000000084b00000| Untracked 
|  76|0x0000000084c00000, 0x0000000084c00000, 0x0000000084d00000|  0%| F|  |TAMS 0x0000000084c00000, 0x0000000084c00000| Untracked 
|  77|0x0000000084d00000, 0x0000000084d00000, 0x0000000084e00000|  0%| F|  |TAMS 0x0000000084d00000, 0x0000000084d00000| Untracked 
|  78|0x0000000084e00000, 0x0000000084e00000, 0x0000000084f00000|  0%| F|  |TAMS 0x0000000084e00000, 0x0000000084e00000| Untracked 
|  79|0x0000000084f00000, 0x0000000084f00000, 0x0000000085000000|  0%| F|  |TAMS 0x0000000084f00000, 0x0000000084f00000| Untracked 
|  80|0x0000000085000000, 0x0000000085000000, 0x0000000085100000|  0%| F|  |TAMS 0x0000000085000000, 0x0000000085000000| Untracked 
|  81|0x0000000085100000, 0x000000008516eff8, 0x0000000085200000| 43%| S|CS|TAMS 0x0000000085100000, 0x0000000085100000| Complete 
|  82|0x0000000085200000, 0x0000000085300000, 0x0000000085300000|100%| S|CS|TAMS 0x0000000085200000, 0x0000000085200000| Complete 
|  83|0x0000000085300000, 0x0000000085400000, 0x0000000085400000|100%| S|CS|TAMS 0x0000000085300000, 0x0000000085300000| Complete 
|  84|0x0000000085400000, 0x0000000085500000, 0x0000000085500000|100%| S|CS|TAMS 0x0000000085400000, 0x0000000085400000| Complete 
|  85|0x0000000085500000, 0x0000000085600000, 0x0000000085600000|100%| S|CS|TAMS 0x0000000085500000, 0x0000000085500000| Complete 
|  86|0x0000000085600000, 0x0000000085700000, 0x0000000085700000|100%| S|CS|TAMS 0x0000000085600000, 0x0000000085600000| Complete 
|  87|0x0000000085700000, 0x0000000085800000, 0x0000000085800000|100%| S|CS|TAMS 0x0000000085700000, 0x0000000085700000| Complete 
|  88|0x0000000085800000, 0x0000000085900000, 0x0000000085900000|100%| S|CS|TAMS 0x0000000085800000, 0x0000000085800000| Complete 
|  89|0x0000000085900000, 0x0000000085900000, 0x0000000085a00000|  0%| F|  |TAMS 0x0000000085900000, 0x0000000085900000| Untracked 
|  90|0x0000000085a00000, 0x0000000085a00000, 0x0000000085b00000|  0%| F|  |TAMS 0x0000000085a00000, 0x0000000085a00000| Untracked 
|  91|0x0000000085b00000, 0x0000000085b00000, 0x0000000085c00000|  0%| F|  |TAMS 0x0000000085b00000, 0x0000000085b00000| Untracked 
|  92|0x0000000085c00000, 0x0000000085c00000, 0x0000000085d00000|  0%| F|  |TAMS 0x0000000085c00000, 0x0000000085c00000| Untracked 
|  93|0x0000000085d00000, 0x0000000085d00000, 0x0000000085e00000|  0%| F|  |TAMS 0x0000000085d00000, 0x0000000085d00000| Untracked 
|  94|0x0000000085e00000, 0x0000000085e00000, 0x0000000085f00000|  0%| F|  |TAMS 0x0000000085e00000, 0x0000000085e00000| Untracked 
|  95|0x0000000085f00000, 0x0000000085f00000, 0x0000000086000000|  0%| F|  |TAMS 0x0000000085f00000, 0x0000000085f00000| Untracked 
|  96|0x0000000086000000, 0x0000000086000000, 0x0000000086100000|  0%| F|  |TAMS 0x0000000086000000, 0x0000000086000000| Untracked 
|  97|0x0000000086100000, 0x0000000086100000, 0x0000000086200000|  0%| F|  |TAMS 0x0000000086100000, 0x0000000086100000| Untracked 
|  98|0x0000000086200000, 0x0000000086200000, 0x0000000086300000|  0%| F|  |TAMS 0x0000000086200000, 0x0000000086200000| Untracked 
|  99|0x0000000086300000, 0x0000000086300000, 0x0000000086400000|  0%| F|  |TAMS 0x0000000086300000, 0x0000000086300000| Untracked 
| 100|0x0000000086400000, 0x0000000086400000, 0x0000000086500000|  0%| F|  |TAMS 0x0000000086400000, 0x0000000086400000| Untracked 
| 101|0x0000000086500000, 0x0000000086500000, 0x0000000086600000|  0%| F|  |TAMS 0x0000000086500000, 0x0000000086500000| Untracked 
| 102|0x0000000086600000, 0x0000000086600000, 0x0000000086700000|  0%| F|  |TAMS 0x0000000086600000, 0x0000000086600000| Untracked 
| 103|0x0000000086700000, 0x0000000086700000, 0x0000000086800000|  0%| F|  |TAMS 0x0000000086700000, 0x0000000086700000| Untracked 
| 104|0x0000000086800000, 0x0000000086800000, 0x0000000086900000|  0%| F|  |TAMS 0x0000000086800000, 0x0000000086800000| Untracked 
| 105|0x0000000086900000, 0x0000000086900000, 0x0000000086a00000|  0%| F|  |TAMS 0x0000000086900000, 0x0000000086900000| Untracked 
| 106|0x0000000086a00000, 0x0000000086a00000, 0x0000000086b00000|  0%| F|  |TAMS 0x0000000086a00000, 0x0000000086a00000| Untracked 
| 107|0x0000000086b00000, 0x0000000086b00000, 0x0000000086c00000|  0%| F|  |TAMS 0x0000000086b00000, 0x0000000086b00000| Untracked 
| 108|0x0000000086c00000, 0x0000000086c00000, 0x0000000086d00000|  0%| F|  |TAMS 0x0000000086c00000, 0x0000000086c00000| Untracked 
| 109|0x0000000086d00000, 0x0000000086d00000, 0x0000000086e00000|  0%| F|  |TAMS 0x0000000086d00000, 0x0000000086d00000| Untracked 
| 110|0x0000000086e00000, 0x0000000086e00000, 0x0000000086f00000|  0%| F|  |TAMS 0x0000000086e00000, 0x0000000086e00000| Untracked 
| 111|0x0000000086f00000, 0x0000000086f00000, 0x0000000087000000|  0%| F|  |TAMS 0x0000000086f00000, 0x0000000086f00000| Untracked 
| 112|0x0000000087000000, 0x0000000087000000, 0x0000000087100000|  0%| F|  |TAMS 0x0000000087000000, 0x0000000087000000| Untracked 
| 113|0x0000000087100000, 0x0000000087100000, 0x0000000087200000|  0%| F|  |TAMS 0x0000000087100000, 0x0000000087100000| Untracked 
| 114|0x0000000087200000, 0x0000000087200000, 0x0000000087300000|  0%| F|  |TAMS 0x0000000087200000, 0x0000000087200000| Untracked 
| 115|0x0000000087300000, 0x0000000087300000, 0x0000000087400000|  0%| F|  |TAMS 0x0000000087300000, 0x0000000087300000| Untracked 
| 116|0x0000000087400000, 0x0000000087400000, 0x0000000087500000|  0%| F|  |TAMS 0x0000000087400000, 0x0000000087400000| Untracked 
| 117|0x0000000087500000, 0x0000000087500000, 0x0000000087600000|  0%| F|  |TAMS 0x0000000087500000, 0x0000000087500000| Untracked 
| 118|0x0000000087600000, 0x0000000087600000, 0x0000000087700000|  0%| F|  |TAMS 0x0000000087600000, 0x0000000087600000| Untracked 
| 119|0x0000000087700000, 0x0000000087700000, 0x0000000087800000|  0%| F|  |TAMS 0x0000000087700000, 0x0000000087700000| Untracked 
| 120|0x0000000087800000, 0x0000000087800000, 0x0000000087900000|  0%| F|  |TAMS 0x0000000087800000, 0x0000000087800000| Untracked 
| 121|0x0000000087900000, 0x0000000087900000, 0x0000000087a00000|  0%| F|  |TAMS 0x0000000087900000, 0x0000000087900000| Untracked 
| 122|0x0000000087a00000, 0x0000000087a00000, 0x0000000087b00000|  0%| F|  |TAMS 0x0000000087a00000, 0x0000000087a00000| Untracked 
| 123|0x0000000087b00000, 0x0000000087b00000, 0x0000000087c00000|  0%| F|  |TAMS 0x0000000087b00000, 0x0000000087b00000| Untracked 
| 124|0x0000000087c00000, 0x0000000087c00000, 0x0000000087d00000|  0%| F|  |TAMS 0x0000000087c00000, 0x0000000087c00000| Untracked 
| 125|0x0000000087d00000, 0x0000000087d00000, 0x0000000087e00000|  0%| F|  |TAMS 0x0000000087d00000, 0x0000000087d00000| Untracked 

Card table byte_map: [0x00000239e8920000,0x00000239e8d20000] _byte_map_base: 0x00000239e8520000

Marking Bits (Prev, Next): (CMBitMap*) 0x00000239cfc9b050, (CMBitMap*) 0x00000239cfc9b090
 Prev Bits: [0x00000239e9120000, 0x00000239eb120000)
 Next Bits: [0x00000239eb120000, 0x00000239ed120000)

Polling page: 0x00000239cfcb0000

Metaspace:

Usage:
  Non-class:     17.73 MB used.
      Class:      2.97 MB used.
       Both:     20.71 MB used.

Virtual space:
  Non-class space:       64.00 MB reserved,      17.94 MB ( 28%) committed,  1 nodes.
      Class space:      416.00 MB reserved,       3.12 MB ( <1%) committed,  1 nodes.
             Both:      480.00 MB reserved,      21.06 MB (  4%) committed. 

Chunk freelists:
   Non-Class:  13.30 MB
       Class:  12.89 MB
        Both:  26.19 MB

MaxMetaspaceSize: 512.00 MB
CompressedClassSpaceSize: 416.00 MB
Initial GC threshold: 21.00 MB
Current GC threshold: 21.31 MB
CDS: on
MetaspaceReclaimPolicy: balanced
 - commit_granule_bytes: 65536.
 - commit_granule_words: 8192.
 - virtual_space_node_default_size: 8388608.
 - enlarge_chunks_in_place: 1.
 - new_chunks_are_fully_committed: 0.
 - uncommit_free_chunks: 1.
 - use_allocation_guard: 0.
 - handle_deallocations: 1.


Internal statistics:

num_allocs_failed_limit: 3.
num_arena_births: 296.
num_arena_deaths: 0.
num_vsnodes_births: 2.
num_vsnodes_deaths: 0.
num_space_committed: 337.
num_space_uncommitted: 0.
num_chunks_returned_to_freelist: 3.
num_chunks_taken_from_freelist: 1066.
num_chunk_merges: 3.
num_chunk_splits: 706.
num_chunks_enlarged: 503.
num_inconsistent_stats: 0.

CodeHeap 'non-profiled nmethods': size=120064Kb used=1795Kb max_used=1795Kb free=118269Kb
 bounds [0x00000239e13e0000, 0x00000239e1650000, 0x00000239e8920000]
CodeHeap 'profiled nmethods': size=120000Kb used=6362Kb max_used=6362Kb free=113637Kb
 bounds [0x00000239d9920000, 0x00000239d9f60000, 0x00000239e0e50000]
CodeHeap 'non-nmethods': size=5696Kb used=1240Kb max_used=1315Kb free=4455Kb
 bounds [0x00000239e0e50000, 0x00000239e10c0000, 0x00000239e13e0000]
 total_blobs=3653 nmethods=3103 adapters=462
 compilation: enabled
              stopped_count=0, restarted_count=0
 full_count=0

Compilation events (20 events):
Event: 206.866 Thread 0x00000239ef585da0 nmethod 3104 0x00000239d9f53090 code [0x00000239d9f532c0, 0x00000239d9f53848]
Event: 207.383 Thread 0x00000239ef585da0 3106       3       java.util.concurrent.TimeUnit::convert (77 bytes)
Event: 207.384 Thread 0x00000239ef585da0 nmethod 3106 0x00000239d9f53b90 code [0x00000239d9f53da0, 0x00000239d9f54148]
Event: 207.427 Thread 0x00000239ef585da0 3107       3       java.lang.reflect.ProxyGenerator$ProxyMethod::codeClassForName (26 bytes)
Event: 207.428 Thread 0x00000239ef585da0 nmethod 3107 0x00000239d9f54310 code [0x00000239d9f544e0, 0x00000239d9f548a8]
Event: 208.428 Thread 0x00000239ef51ffe0 3108 %     4       javax.management.ObjectName::construct @ 822 (1135 bytes)
Event: 208.604 Thread 0x00000239ef51ffe0 nmethod 3108% 0x00000239e1596910 code [0x00000239e1596ca0, 0x00000239e159cc00]
Event: 209.073 Thread 0x00000239ef51ffe0 3110       4       org.objectweb.asm.ByteVector::putUTF8 (144 bytes)
Event: 209.074 Thread 0x00000239ef585da0 3113       3       org.objectweb.asm.Handler::getExceptionTableSize (10 bytes)
Event: 209.075 Thread 0x00000239ef585da0 nmethod 3113 0x00000239d9f54a10 code [0x00000239d9f54bc0, 0x00000239d9f54db8]
Event: 209.075 Thread 0x00000239ef585da0 3112       3       org.objectweb.asm.Type::appendDescriptor (90 bytes)
Event: 209.075 Thread 0x00000239ef585da0 nmethod 3112 0x00000239d9f54f10 code [0x00000239d9f55120, 0x00000239d9f55648]
Event: 209.075 Thread 0x00000239ef585da0 3111       3       org.objectweb.asm.MethodWriter::endCurrentBasicBlockWithNoSuccessor (98 bytes)
Event: 209.075 Thread 0x00000239ef585da0 nmethod 3111 0x00000239d9f55890 code [0x00000239d9f55a80, 0x00000239d9f56108]
Event: 209.075 Thread 0x00000239ef585da0 3109       1       java.lang.invoke.MethodHandleImpl$IntrinsicMethodHandle::getTarget (5 bytes)
Event: 209.075 Thread 0x00000239ef585da0 nmethod 3109 0x00000239e159fe10 code [0x00000239e159ffa0, 0x00000239e15a0078]
Event: 209.076 Thread 0x00000239ef585da0 3115       1       java.util.concurrent.ThreadPoolExecutor::getQueue (5 bytes)
Event: 209.076 Thread 0x00000239ef585da0 nmethod 3115 0x00000239e15a0110 code [0x00000239e15a02a0, 0x00000239e15a0378]
Event: 209.076 Thread 0x00000239ef51ffe0 nmethod 3110 0x00000239e15a0410 code [0x00000239e15a05c0, 0x00000239e15a0958]
Event: 209.076 Thread 0x00000239ef51ffe0 3114       4       javax.management.ObjectName::construct (1135 bytes)

GC Heap History (10 events):
Event: 10.850 GC heap before
{Heap before GC invocations=0 (full 0):
 garbage-first heap   total 129024K, used 5120K [0x0000000080000000, 0x0000000100000000)
  region size 1024K, 6 young (6144K), 0 survivors (0K)
 Metaspace       used 696K, committed 832K, reserved 491520K
  class space    used 61K, committed 128K, reserved 425984K
}
Event: 11.345 GC heap after
{Heap after GC invocations=1 (full 0):
 garbage-first heap   total 129024K, used 1224K [0x0000000080000000, 0x0000000100000000)
  region size 1024K, 1 young (1024K), 1 survivors (1024K)
 Metaspace       used 696K, committed 832K, reserved 491520K
  class space    used 61K, committed 128K, reserved 425984K
}
Event: 18.472 GC heap before
{Heap before GC invocations=1 (full 0):
 garbage-first heap   total 129024K, used 7368K [0x0000000080000000, 0x0000000100000000)
  region size 1024K, 7 young (7168K), 1 survivors (1024K)
 Metaspace       used 753K, committed 896K, reserved 491520K
  class space    used 61K, committed 128K, reserved 425984K
}
Event: 18.475 GC heap after
{Heap after GC invocations=2 (full 0):
 garbage-first heap   total 129024K, used 1230K [0x0000000080000000, 0x0000000100000000)
  region size 1024K, 1 young (1024K), 1 survivors (1024K)
 Metaspace       used 753K, committed 896K, reserved 491520K
  class space    used 61K, committed 128K, reserved 425984K
}
Event: 36.837 GC heap before
{Heap before GC invocations=2 (full 0):
 garbage-first heap   total 129024K, used 18638K [0x0000000080000000, 0x0000000100000000)
  region size 1024K, 15 young (15360K), 1 survivors (1024K)
 Metaspace       used 1424K, committed 1536K, reserved 491520K
  class space    used 122K, committed 192K, reserved 425984K
}
Event: 36.841 GC heap after
{Heap after GC invocations=3 (full 0):
 garbage-first heap   total 129024K, used 10616K [0x0000000080000000, 0x0000000100000000)
  region size 1024K, 2 young (2048K), 2 survivors (2048K)
 Metaspace       used 1424K, committed 1536K, reserved 491520K
  class space    used 122K, committed 192K, reserved 425984K
}
Event: 86.919 GC heap before
{Heap before GC invocations=3 (full 0):
 garbage-first heap   total 129024K, used 87416K [0x0000000080000000, 0x0000000100000000)
  region size 1024K, 75 young (76800K), 2 survivors (2048K)
 Metaspace       used 5153K, committed 5376K, reserved 491520K
  class space    used 672K, committed 768K, reserved 425984K
}
Event: 86.927 GC heap after
{Heap after GC invocations=4 (full 0):
 garbage-first heap   total 129024K, used 17784K [0x0000000080000000, 0x0000000100000000)
  region size 1024K, 8 young (8192K), 8 survivors (8192K)
 Metaspace       used 5153K, committed 5376K, reserved 491520K
  class space    used 672K, committed 768K, reserved 425984K
}
Event: 186.259 GC heap before
{Heap before GC invocations=4 (full 0):
 garbage-first heap   total 129024K, used 86392K [0x0000000080000000, 0x0000000100000000)
  region size 1024K, 75 young (76800K), 8 survivors (8192K)
 Metaspace       used 16887K, committed 17152K, reserved 491520K
  class space    used 2364K, committed 2496K, reserved 425984K
}
Event: 186.316 GC heap after
{Heap after GC invocations=5 (full 0):
 garbage-first heap   total 129024K, used 22605K [0x0000000080000000, 0x0000000100000000)
  region size 1024K, 5 young (5120K), 5 survivors (5120K)
 Metaspace       used 16887K, committed 17152K, reserved 491520K
  class space    used 2364K, committed 2496K, reserved 425984K
}

Dll operation events (15 events):
Event: 0.063 Loaded shared library C:\Program Files\Microsoft\jdk-17.0.13.11-hotspot\bin\java.dll
Event: 1.197 Loaded shared library C:\Program Files\Microsoft\jdk-17.0.13.11-hotspot\bin\jsvml.dll
Event: 7.555 Loaded shared library C:\Program Files\Microsoft\jdk-17.0.13.11-hotspot\bin\zip.dll
Event: 7.558 Loaded shared library C:\Program Files\Microsoft\jdk-17.0.13.11-hotspot\bin\instrument.dll
Event: 7.564 Loaded shared library C:\Program Files\Microsoft\jdk-17.0.13.11-hotspot\bin\net.dll
Event: 7.565 Loaded shared library C:\Program Files\Microsoft\jdk-17.0.13.11-hotspot\bin\nio.dll
Event: 7.567 Loaded shared library C:\Program Files\Microsoft\jdk-17.0.13.11-hotspot\bin\zip.dll
Event: 20.450 Loaded shared library C:\Program Files\Microsoft\jdk-17.0.13.11-hotspot\bin\jimage.dll
Event: 36.144 Loaded shared library C:\Program Files\Microsoft\jdk-17.0.13.11-hotspot\bin\verify.dll
Event: 38.827 Loaded shared library C:\Users\ONDEZX\.gradle\native\c067742578af261105cb4f569cf0c3c89f3d7b1fecec35dd04571415982c5e48\windows-amd64\native-platform.dll
Event: 38.837 Loaded shared library C:\Users\ONDEZX\.gradle\native\100fb08df4bc3b14c8652ba06237920a3bd2aa13389f12d3474272988ae205f9\windows-amd64\native-platform-file-events.dll
Event: 89.312 Loaded shared library C:\Program Files\Microsoft\jdk-17.0.13.11-hotspot\bin\management.dll
Event: 89.315 Loaded shared library C:\Program Files\Microsoft\jdk-17.0.13.11-hotspot\bin\management_ext.dll
Event: 97.688 Loaded shared library C:\Program Files\Microsoft\jdk-17.0.13.11-hotspot\bin\extnet.dll
Event: 130.093 Loaded shared library C:\Program Files\Microsoft\jdk-17.0.13.11-hotspot\bin\sunmscapi.dll

Deoptimization events (20 events):
Event: 195.145 Thread 0x00000239f48b58e0 Uncommon trap: trap_request=0xffffff45 fr.pc=0x00000239e1561c48 relative=0x0000000000000408
Event: 195.145 Thread 0x00000239f48b58e0 Uncommon trap: reason=unstable_if action=reinterpret pc=0x00000239e1561c48 method=java.util.HashMap.getNode(Ljava/lang/Object;)Ljava/util/HashMap$Node; @ 131 c2
Event: 195.145 Thread 0x00000239f48b58e0 DEOPT PACKING pc=0x00000239e1561c48 sp=0x00000078938fb0b0
Event: 195.145 Thread 0x00000239f48b58e0 DEOPT UNPACKING pc=0x00000239e0ea69a3 sp=0x00000078938fafd0 mode 2
Event: 195.145 Thread 0x00000239f48b58e0 Uncommon trap: trap_request=0xffffff45 fr.pc=0x00000239e156123c relative=0x000000000000057c
Event: 195.145 Thread 0x00000239f48b58e0 Uncommon trap: reason=unstable_if action=reinterpret pc=0x00000239e156123c method=java.util.HashMap.getNode(Ljava/lang/Object;)Ljava/util/HashMap$Node; @ 131 c2
Event: 195.145 Thread 0x00000239f48b58e0 DEOPT PACKING pc=0x00000239e156123c sp=0x00000078938fb040
Event: 195.145 Thread 0x00000239f48b58e0 DEOPT UNPACKING pc=0x00000239e0ea69a3 sp=0x00000078938fafd0 mode 2
Event: 197.826 Thread 0x00000239f48b58e0 DEOPT PACKING pc=0x00000239d9edb82b sp=0x00000078938f9660
Event: 197.826 Thread 0x00000239f48b58e0 DEOPT UNPACKING pc=0x00000239e0ea7143 sp=0x00000078938f8b10 mode 0
Event: 198.998 Thread 0x00000239f48b58e0 Uncommon trap: trap_request=0xffffff45 fr.pc=0x00000239e1522378 relative=0x0000000000007618
Event: 198.998 Thread 0x00000239f48b58e0 Uncommon trap: reason=unstable_if action=reinterpret pc=0x00000239e1522378 method=jdk.internal.org.objectweb.asm.Frame.execute(IILjdk/internal/org/objectweb/asm/Symbol;Ljdk/internal/org/objectweb/asm/SymbolTable;)V @ 1 c2
Event: 198.998 Thread 0x00000239f48b58e0 DEOPT PACKING pc=0x00000239e1522378 sp=0x00000078938f9cc0
Event: 198.998 Thread 0x00000239f48b58e0 DEOPT UNPACKING pc=0x00000239e0ea69a3 sp=0x00000078938f9c78 mode 2
Event: 199.940 Thread 0x00000239f48b58e0 Uncommon trap: trap_request=0xffffffcc fr.pc=0x00000239e1584584 relative=0x0000000000000364
Event: 199.940 Thread 0x00000239f48b58e0 Uncommon trap: reason=intrinsic_or_type_checked_inlining action=make_not_entrant pc=0x00000239e1584584 method=java.util.Arrays.copyOf([Ljava/lang/Object;ILjava/lang/Class;)[Ljava/lang/Object; @ 35 c2
Event: 199.940 Thread 0x00000239f48b58e0 DEOPT PACKING pc=0x00000239e1584584 sp=0x00000078938fa120
Event: 199.940 Thread 0x00000239f48b58e0 DEOPT UNPACKING pc=0x00000239e0ea69a3 sp=0x00000078938fa0b0 mode 2
Event: 209.075 Thread 0x00000239f4e3e630 DEOPT PACKING pc=0x00000239d9ce6144 sp=0x0000007891bfea70
Event: 209.075 Thread 0x00000239f4e3e630 DEOPT UNPACKING pc=0x00000239e0ea7143 sp=0x0000007891bfdfb0 mode 0

Classes loaded (20 events):
Event: 198.981 Loading class java/lang/invoke/BoundMethodHandle$Species_LLLLLLLLLLLLLL
Event: 198.981 Loading class java/lang/invoke/BoundMethodHandle$Species_LLLLLLLLLLLLLL done
Event: 199.004 Loading class java/lang/invoke/BoundMethodHandle$Species_LLLLLLLLLLLLLLL
Event: 199.004 Loading class java/lang/invoke/BoundMethodHandle$Species_LLLLLLLLLLLLLLL done
Event: 199.047 Loading class java/lang/invoke/BoundMethodHandle$Species_LLLLLLLLLLLLLLLL
Event: 199.047 Loading class java/lang/invoke/BoundMethodHandle$Species_LLLLLLLLLLLLLLLL done
Event: 199.050 Loading class java/lang/invoke/BoundMethodHandle$Species_LLLLLLLLLLLLLLLLL
Event: 199.050 Loading class java/lang/invoke/BoundMethodHandle$Species_LLLLLLLLLLLLLLLLL done
Event: 199.062 Loading class java/lang/invoke/BoundMethodHandle$Species_LLLLLLLLLLLLLLLLLL
Event: 199.062 Loading class java/lang/invoke/BoundMethodHandle$Species_LLLLLLLLLLLLLLLLLL done
Event: 199.065 Loading class java/lang/invoke/BoundMethodHandle$Species_LLLLLLLLLLLLLLLLLLL
Event: 199.065 Loading class java/lang/invoke/BoundMethodHandle$Species_LLLLLLLLLLLLLLLLLLL done
Event: 199.935 Loading class java/lang/invoke/BoundMethodHandle$Species_LLLLLLLLLLLLLLLLLLLL
Event: 199.935 Loading class java/lang/invoke/BoundMethodHandle$Species_LLLLLLLLLLLLLLLLLLLL done
Event: 199.941 Loading class java/lang/invoke/BoundMethodHandle$Species_LLLLLLLLLLLLLLLLLLLLL
Event: 199.941 Loading class java/lang/invoke/BoundMethodHandle$Species_LLLLLLLLLLLLLLLLLLLLL done
Event: 199.990 Loading class java/lang/invoke/BoundMethodHandle$Species_LLLLLLLLLLLLLLLLLLLLLL
Event: 199.990 Loading class java/lang/invoke/BoundMethodHandle$Species_LLLLLLLLLLLLLLLLLLLLLL done
Event: 199.997 Loading class java/lang/invoke/BoundMethodHandle$Species_LLLLLLLLLLLLLLLLLLLLLLL
Event: 199.997 Loading class java/lang/invoke/BoundMethodHandle$Species_LLLLLLLLLLLLLLLLLLLLLLL done

Classes unloaded (0 events):
No events

Classes redefined (0 events):
No events

Internal exceptions (20 events):
Event: 198.942 Thread 0x00000239f48b58e0 Exception <a 'java/lang/NoSuchMethodError'{0x00000000864e5c30}: 'java.lang.Object java.lang.invoke.DelegatingMethodHandle$Holder.reinvoke_L(java.lang.Object, java.lang.Object, java.lang.Object, java.lang.Object, java.lang.Object, java.lang.Object, java.lang.Object, java.lang.Object, java.lang.Object, java.lang.Object, java.lang.Object, java.lang.Object, java.lang.Object, java.lang.Object, java.lang.Object, java.lang.Object, java.lang.Object, java.lang.Object, java.lang.Object, java.lang.Object, java.lang.O
Event: 198.944 Thread 0x00000239f48b58e0 Exception <a 'java/lang/NoSuchMethodError'{0x00000000864f1d08}: 'java.lang.Object java.lang.invoke.DirectMethodHandle$Holder.invokeSpecial(java.lang.Object, java.lang.Object, java.lang.Object, java.lang.Object, java.lang.Object, java.lang.Object, java.lang.Object, java.lang.Object, java.lang.Object, java.lang.Object, java.lang.Object, java.lang.Object, java.lang.Object, java.lang.Object, java.lang.Object, java.lang.Object, java.lang.Object, java.lang.Object, java.lang.Object, java.lang.Object, java.lang.Ob
Event: 198.944 Thread 0x00000239f48b58e0 Exception <a 'java/lang/NoSuchMethodError'{0x00000000864f7990}: 'java.lang.Object java.lang.invoke.Invokers$Holder.invoker(java.lang.Object, java.lang.Object, java.lang.Object, java.lang.Object, java.lang.Object, java.lang.Object, java.lang.Object, java.lang.Object, java.lang.Object, java.lang.Object, java.lang.Object, java.lang.Object, java.lang.Object, java.lang.Object, java.lang.Object, java.lang.Object, java.lang.Object, java.lang.Object, java.lang.Object, java.lang.Object, java.lang.Object, java.lang.
Event: 198.944 Thread 0x00000239f48b58e0 Exception <a 'java/lang/NoSuchMethodError'{0x00000000864fe540}: 'java.lang.Object java.lang.invoke.DelegatingMethodHandle$Holder.delegate(java.lang.Object, java.lang.Object, java.lang.Object, java.lang.Object, java.lang.Object, java.lang.Object, java.lang.Object, java.lang.Object, java.lang.Object, java.lang.Object, java.lang.Object, java.lang.Object, java.lang.Object, java.lang.Object, java.lang.Object, java.lang.Object, java.lang.Object, java.lang.Object, java.lang.Object, java.lang.Object, java.lang.Obj
Event: 199.003 Thread 0x00000239f48b58e0 Exception <a 'java/lang/NoSuchMethodError'{0x00000000863790d8}: 'java.lang.Object java.lang.invoke.DirectMethodHandle$Holder.invokeStatic(java.lang.Object, java.lang.Object, java.lang.Object, java.lang.Object, java.lang.Object, java.lang.Object, java.lang.Object, java.lang.Object, java.lang.Object, java.lang.Object, java.lang.Object, java.lang.Object, java.lang.Object, java.lang.Object, java.lang.Object, java.lang.Object, java.lang.Object)'> (0x00000000863790d8) 
thrown [s\src\hotspot\share\interpreter\lin
Event: 199.045 Thread 0x00000239f48b58e0 Exception <a 'java/lang/NoSuchMethodError'{0x00000000863a25f0}: 'java.lang.Object java.lang.invoke.DirectMethodHandle$Holder.invokeStatic(java.lang.Object, java.lang.Object, java.lang.Object, java.lang.Object, java.lang.Object, java.lang.Object, java.lang.Object, java.lang.Object, java.lang.Object, java.lang.Object, java.lang.Object, java.lang.Object, java.lang.Object, java.lang.Object, java.lang.Object, java.lang.Object, java.lang.Object, java.lang.Object)'> (0x00000000863a25f0) 
thrown [s\src\hotspot\sha
Event: 199.048 Thread 0x00000239f48b58e0 Exception <a 'java/lang/NoSuchMethodError'{0x00000000863ccb58}: 'java.lang.Object java.lang.invoke.DirectMethodHandle$Holder.invokeStatic(java.lang.Object, java.lang.Object, java.lang.Object, java.lang.Object, java.lang.Object, java.lang.Object, java.lang.Object, java.lang.Object, java.lang.Object, java.lang.Object, java.lang.Object, java.lang.Object, java.lang.Object, java.lang.Object, java.lang.Object, java.lang.Object, java.lang.Object, java.lang.Object, java.lang.Object)'> (0x00000000863ccb58) 
thrown 
Event: 199.060 Thread 0x00000239f48b58e0 Exception <a 'java/lang/NoSuchMethodError'{0x00000000863f8578}: 'java.lang.Object java.lang.invoke.DirectMethodHandle$Holder.invokeStatic(java.lang.Object, java.lang.Object, java.lang.Object, java.lang.Object, java.lang.Object, java.lang.Object, java.lang.Object, java.lang.Object, java.lang.Object, java.lang.Object, java.lang.Object, java.lang.Object, java.lang.Object, java.lang.Object, java.lang.Object, java.lang.Object, java.lang.Object, java.lang.Object, java.lang.Object, java.lang.Object)'> (0x00000000
Event: 199.063 Thread 0x00000239f48b58e0 Exception <a 'java/lang/NoSuchMethodError'{0x0000000086224bb8}: 'java.lang.Object java.lang.invoke.DirectMethodHandle$Holder.invokeStatic(java.lang.Object, java.lang.Object, java.lang.Object, java.lang.Object, java.lang.Object, java.lang.Object, java.lang.Object, java.lang.Object, java.lang.Object, java.lang.Object, java.lang.Object, java.lang.Object, java.lang.Object, java.lang.Object, java.lang.Object, java.lang.Object, java.lang.Object, java.lang.Object, java.lang.Object, java.lang.Object, java.lang.Obj
Event: 199.933 Thread 0x00000239f48b58e0 Exception <a 'java/lang/NoSuchMethodError'{0x00000000862520c8}: 'java.lang.Object java.lang.invoke.DirectMethodHandle$Holder.invokeStatic(java.lang.Object, java.lang.Object, java.lang.Object, java.lang.Object, java.lang.Object, java.lang.Object, java.lang.Object, java.lang.Object, java.lang.Object, java.lang.Object, java.lang.Object, java.lang.Object, java.lang.Object, java.lang.Object, java.lang.Object, java.lang.Object, java.lang.Object, java.lang.Object, java.lang.Object, java.lang.Object, java.lang.Obj
Event: 199.936 Thread 0x00000239f48b58e0 Exception <a 'java/lang/NoSuchMethodError'{0x00000000861008d8}: 'java.lang.Object java.lang.invoke.DirectMethodHandle$Holder.invokeStatic(java.lang.Object, java.lang.Object, java.lang.Object, java.lang.Object, java.lang.Object, java.lang.Object, java.lang.Object, java.lang.Object, java.lang.Object, java.lang.Object, java.lang.Object, java.lang.Object, java.lang.Object, java.lang.Object, java.lang.Object, java.lang.Object, java.lang.Object, java.lang.Object, java.lang.Object, java.lang.Object, java.lang.Obj
Event: 199.951 Thread 0x00000239f48b58e0 Exception <a 'java/lang/NoSuchMethodError'{0x000000008612f908}: 'java.lang.Object java.lang.invoke.DirectMethodHandle$Holder.invokeStatic(java.lang.Object, java.lang.Object, java.lang.Object, java.lang.Object, java.lang.Object, java.lang.Object, java.lang.Object, java.lang.Object, java.lang.Object, java.lang.Object, java.lang.Object, java.lang.Object, java.lang.Object, java.lang.Object, java.lang.Object, java.lang.Object, java.lang.Object, java.lang.Object, java.lang.Object, java.lang.Object, java.lang.Obj
Event: 199.994 Thread 0x00000239f48b58e0 Exception <a 'java/lang/NoSuchMethodError'{0x0000000086160700}: 'java.lang.Object java.lang.invoke.DirectMethodHandle$Holder.invokeStatic(java.lang.Object, java.lang.Object, java.lang.Object, java.lang.Object, java.lang.Object, java.lang.Object, java.lang.Object, java.lang.Object, java.lang.Object, java.lang.Object, java.lang.Object, java.lang.Object, java.lang.Object, java.lang.Object, java.lang.Object, java.lang.Object, java.lang.Object, java.lang.Object, java.lang.Object, java.lang.Object, java.lang.Obj
Event: 199.998 Thread 0x00000239f48b58e0 Exception <a 'java/lang/NoSuchMethodError'{0x0000000086192e88}: 'java.lang.Object java.lang.invoke.DirectMethodHandle$Holder.invokeStatic(java.lang.Object, java.lang.Object, java.lang.Object, java.lang.Object, java.lang.Object, java.lang.Object, java.lang.Object, java.lang.Object, java.lang.Object, java.lang.Object, java.lang.Object, java.lang.Object, java.lang.Object, java.lang.Object, java.lang.Object, java.lang.Object, java.lang.Object, java.lang.Object, java.lang.Object, java.lang.Object, java.lang.Obj
Event: 200.097 Thread 0x00000239f48b58e0 Exception <a 'java/lang/NoSuchMethodError'{0x0000000085f3af88}: 'java.lang.Object java.lang.invoke.DirectMethodHandle$Holder.invokeStaticInit(java.lang.Object, java.lang.Object, java.lang.Object, java.lang.Object)'> (0x0000000085f3af88) 
thrown [s\src\hotspot\share\interpreter\linkResolver.cpp, line 759]
Event: 204.284 Thread 0x00000239f48b58e0 Exception <a 'java/lang/NoSuchMethodError'{0x0000000085d34550}: 'java.lang.Object java.lang.invoke.DirectMethodHandle$Holder.newInvokeSpecial(java.lang.Object, java.lang.Object, java.lang.Object, java.lang.Object, java.lang.Object, java.lang.Object, java.lang.Object, java.lang.Object)'> (0x0000000085d34550) 
thrown [s\src\hotspot\share\interpreter\linkResolver.cpp, line 759]
Event: 204.285 Thread 0x00000239f48b58e0 Exception <a 'java/lang/NoSuchMethodError'{0x0000000085d39f58}: 'java.lang.Object java.lang.invoke.DirectMethodHandle$Holder.invokeSpecial(java.lang.Object, java.lang.Object, java.lang.Object, java.lang.Object, java.lang.Object, java.lang.Object, java.lang.Object, java.lang.Object, java.lang.Object)'> (0x0000000085d39f58) 
thrown [s\src\hotspot\share\interpreter\linkResolver.cpp, line 759]
Event: 204.285 Thread 0x00000239f48b58e0 Exception <a 'java/lang/NoSuchMethodError'{0x0000000085d3f308}: 'java.lang.Object java.lang.invoke.Invokers$Holder.linkToTargetMethod(java.lang.Object, java.lang.Object, java.lang.Object, java.lang.Object, java.lang.Object, java.lang.Object, java.lang.Object, java.lang.Object)'> (0x0000000085d3f308) 
thrown [s\src\hotspot\share\interpreter\linkResolver.cpp, line 759]
Event: 206.270 Thread 0x00000239f48b58e0 Exception <a 'java/lang/NoSuchMethodError'{0x0000000085ca3e40}: 'void java.lang.invoke.DirectMethodHandle$Holder.invokeStatic(java.lang.Object, java.lang.Object, java.lang.Object, java.lang.Object)'> (0x0000000085ca3e40) 
thrown [s\src\hotspot\share\interpreter\linkResolver.cpp, line 759]
Event: 206.274 Thread 0x00000239f48b58e0 Exception <a 'java/lang/IncompatibleClassChangeError'{0x0000000085cce8c8}: Found class java.lang.Object, but interface was expected> (0x0000000085cce8c8) 
thrown [s\src\hotspot\share\interpreter\linkResolver.cpp, line 826]

VM Operations (20 events):
Event: 189.340 Executing VM operation: Cleanup
Event: 189.340 Executing VM operation: Cleanup done
Event: 191.372 Executing VM operation: Cleanup
Event: 192.281 Executing VM operation: Cleanup done
Event: 193.284 Executing VM operation: Cleanup
Event: 193.683 Executing VM operation: Cleanup done
Event: 193.825 Executing VM operation: HandshakeAllThreads
Event: 193.827 Executing VM operation: HandshakeAllThreads done
Event: 194.830 Executing VM operation: Cleanup
Event: 195.035 Executing VM operation: Cleanup done
Event: 196.042 Executing VM operation: Cleanup
Event: 196.970 Executing VM operation: Cleanup done
Event: 197.979 Executing VM operation: Cleanup
Event: 198.735 Executing VM operation: Cleanup done
Event: 199.742 Executing VM operation: Cleanup
Event: 199.928 Executing VM operation: Cleanup done
Event: 200.932 Executing VM operation: Cleanup
Event: 201.638 Executing VM operation: Cleanup done
Event: 206.665 Executing VM operation: Cleanup
Event: 206.665 Executing VM operation: Cleanup done

Memory protections (0 events):
No events

Nmethod flushes (0 events):
No events

Events (20 events):
Event: 3.203 Thread 0x00000239d1deb9a0 Thread added: 0x00000239ef585da0
Event: 3.630 Thread 0x00000239d1deb9a0 Thread added: 0x00000239ef5893d0
Event: 4.054 Thread 0x00000239d1deb9a0 Thread added: 0x00000239ef58e520
Event: 7.578 Thread 0x00000239d1deb9a0 Thread added: 0x00000239ef6f8770
Event: 90.275 Thread 0x00000239d1deb9a0 Thread added: 0x00000239f4e3e630
Event: 110.240 Thread 0x00000239d1deb9a0 Thread added: 0x00000239f4945ec0
Event: 126.796 Thread 0x00000239d1deb9a0 Thread added: 0x00000239ef91b350
Event: 130.172 Thread 0x00000239f4945ec0 Thread added: 0x00000239f4b37760
Event: 130.816 Thread 0x00000239f4b37760 Thread added: 0x00000239f53b5a90
Event: 132.718 Thread 0x00000239f4b37760 Thread added: 0x00000239f48b3570
Event: 152.664 Thread 0x00000239f4b37760 Thread added: 0x00000239f48b58e0
Event: 153.983 Thread 0x00000239f48b58e0 Thread added: 0x00000239f48b53d0
Event: 153.986 Thread 0x00000239f48b58e0 Thread added: 0x00000239f48b3a80
Event: 153.989 Thread 0x00000239f48b58e0 Thread added: 0x00000239f48b49b0
Event: 173.179 Thread 0x00000239f48b58e0 Thread added: 0x00000239f48b6300
Event: 173.601 Thread 0x00000239f48b58e0 Thread added: 0x00000239f48b6810
Event: 177.620 Thread 0x00000239f48b58e0 Thread added: 0x00000239f48b3060
Event: 177.624 Thread 0x00000239f48b6810 Thread added: 0x00000239f48b44a0
Event: 198.802 Thread 0x00000239f48b58e0 Thread added: 0x00000239f48b5df0
Event: 198.918 Thread 0x00000239f48b58e0 Thread added: 0x00000239f48b4ec0


Dynamic libraries:
0x00007ff7d48f0000 - 0x00007ff7d48fe000 	C:\Program Files\Microsoft\jdk-17.0.13.11-hotspot\bin\java.exe
0x00007ffdc4890000 - 0x00007ffdc4a88000 	C:\Windows\SYSTEM32\ntdll.dll
0x00007ffdc3900000 - 0x00007ffdc39c2000 	C:\Windows\System32\KERNEL32.DLL
0x00007ffdc2200000 - 0x00007ffdc24fe000 	C:\Windows\System32\KERNELBASE.dll
0x00007ffdc27b0000 - 0x00007ffdc28b0000 	C:\Windows\System32\ucrtbase.dll
0x00007ffdbf180000 - 0x00007ffdbf197000 	C:\Program Files\Microsoft\jdk-17.0.13.11-hotspot\bin\jli.dll
0x00007ffdc3ba0000 - 0x00007ffdc3d3d000 	C:\Windows\System32\USER32.dll
0x00007ffdc2090000 - 0x00007ffdc20b2000 	C:\Windows\System32\win32u.dll
0x00007ffdc29c0000 - 0x00007ffdc29eb000 	C:\Windows\System32\GDI32.dll
0x00007ffdc25b0000 - 0x00007ffdc26c7000 	C:\Windows\System32\gdi32full.dll
0x00007ffdc20c0000 - 0x00007ffdc215d000 	C:\Windows\System32\msvcp_win.dll
0x00007ffdb3860000 - 0x00007ffdb387d000 	C:\Program Files\Microsoft\jdk-17.0.13.11-hotspot\bin\VCRUNTIME140.dll
0x00007ffdb72d0000 - 0x00007ffdb756a000 	C:\Windows\WinSxS\amd64_microsoft.windows.common-controls_6595b64144ccf1df_6.0.19041.4355_none_60b8b9eb71f62e16\COMCTL32.dll
0x00007ffdc2c80000 - 0x00007ffdc2d1e000 	C:\Windows\System32\msvcrt.dll
0x00007ffdc46c0000 - 0x00007ffdc46ef000 	C:\Windows\System32\IMM32.DLL
0x00007ffdbf370000 - 0x00007ffdbf37c000 	C:\Program Files\Microsoft\jdk-17.0.13.11-hotspot\bin\vcruntime140_1.dll
0x00007ffdb2f20000 - 0x00007ffdb2fad000 	C:\Program Files\Microsoft\jdk-17.0.13.11-hotspot\bin\msvcp140.dll
0x00007ffd8a0c0000 - 0x00007ffd8ad31000 	C:\Program Files\Microsoft\jdk-17.0.13.11-hotspot\bin\server\jvm.dll
0x00007ffdc39d0000 - 0x00007ffdc3a81000 	C:\Windows\System32\ADVAPI32.dll
0x00007ffdc3670000 - 0x00007ffdc370f000 	C:\Windows\System32\sechost.dll
0x00007ffdc4720000 - 0x00007ffdc4843000 	C:\Windows\System32\RPCRT4.dll
0x00007ffdc21d0000 - 0x00007ffdc21f7000 	C:\Windows\System32\bcrypt.dll
0x00007ffdc3d40000 - 0x00007ffdc3dab000 	C:\Windows\System32\WS2_32.dll
0x00007ffdc1d90000 - 0x00007ffdc1ddb000 	C:\Windows\SYSTEM32\POWRPROF.dll
0x00007ffdbcfd0000 - 0x00007ffdbcff7000 	C:\Windows\SYSTEM32\WINMM.dll
0x00007ffdbce10000 - 0x00007ffdbce1a000 	C:\Windows\SYSTEM32\VERSION.dll
0x00007ffdc1d70000 - 0x00007ffdc1d82000 	C:\Windows\SYSTEM32\UMPDC.dll
0x00007ffdbfd90000 - 0x00007ffdbfda2000 	C:\Windows\SYSTEM32\kernel.appcore.dll
0x00007ffdb3850000 - 0x00007ffdb385a000 	C:\Program Files\Microsoft\jdk-17.0.13.11-hotspot\bin\jimage.dll
0x00007ffda39a0000 - 0x00007ffda3b84000 	C:\Windows\SYSTEM32\DBGHELP.DLL
0x00007ffda3960000 - 0x00007ffda3994000 	C:\Windows\SYSTEM32\dbgcore.DLL
0x00007ffdc2720000 - 0x00007ffdc27a2000 	C:\Windows\System32\bcryptPrimitives.dll
0x00007ffdbf260000 - 0x00007ffdbf26e000 	C:\Program Files\Microsoft\jdk-17.0.13.11-hotspot\bin\instrument.dll
0x00007ffdb3820000 - 0x00007ffdb3845000 	C:\Program Files\Microsoft\jdk-17.0.13.11-hotspot\bin\java.dll
0x00007ffd9f8b0000 - 0x00007ffd9f987000 	C:\Program Files\Microsoft\jdk-17.0.13.11-hotspot\bin\jsvml.dll
0x00007ffdc3f50000 - 0x00007ffdc46bd000 	C:\Windows\System32\SHELL32.dll
0x00007ffdbff90000 - 0x00007ffdc0734000 	C:\Windows\SYSTEM32\windows.storage.dll
0x00007ffdc2e40000 - 0x00007ffdc3193000 	C:\Windows\System32\combase.dll
0x00007ffdc17b0000 - 0x00007ffdc17de000 	C:\Windows\SYSTEM32\Wldp.dll
0x00007ffdc3710000 - 0x00007ffdc37dd000 	C:\Windows\System32\OLEAUT32.dll
0x00007ffdc37e0000 - 0x00007ffdc388d000 	C:\Windows\System32\SHCORE.dll
0x00007ffdc3db0000 - 0x00007ffdc3e05000 	C:\Windows\System32\shlwapi.dll
0x00007ffdc1e60000 - 0x00007ffdc1e84000 	C:\Windows\SYSTEM32\profapi.dll
0x00007ffdb2ff0000 - 0x00007ffdb3008000 	C:\Program Files\Microsoft\jdk-17.0.13.11-hotspot\bin\zip.dll
0x00007ffdb3800000 - 0x00007ffdb381a000 	C:\Program Files\Microsoft\jdk-17.0.13.11-hotspot\bin\net.dll
0x00007ffdbb9f0000 - 0x00007ffdbbafd000 	C:\Windows\SYSTEM32\WINHTTP.dll
0x00007ffdc1590000 - 0x00007ffdc15fa000 	C:\Windows\system32\mswsock.dll
0x00007ffdb3010000 - 0x00007ffdb3026000 	C:\Program Files\Microsoft\jdk-17.0.13.11-hotspot\bin\nio.dll
0x00007ffdb37f0000 - 0x00007ffdb3800000 	C:\Program Files\Microsoft\jdk-17.0.13.11-hotspot\bin\verify.dll
0x00007ffdbf1a0000 - 0x00007ffdbf1c7000 	C:\Users\ONDEZX\.gradle\native\c067742578af261105cb4f569cf0c3c89f3d7b1fecec35dd04571415982c5e48\windows-amd64\native-platform.dll
0x00007ffd9f760000 - 0x00007ffd9f8a4000 	C:\Users\ONDEZX\.gradle\native\100fb08df4bc3b14c8652ba06237920a3bd2aa13389f12d3474272988ae205f9\windows-amd64\native-platform-file-events.dll
0x00007ffdb2fe0000 - 0x00007ffdb2fea000 	C:\Program Files\Microsoft\jdk-17.0.13.11-hotspot\bin\management.dll
0x00007ffdb2fd0000 - 0x00007ffdb2fdb000 	C:\Program Files\Microsoft\jdk-17.0.13.11-hotspot\bin\management_ext.dll
0x00007ffdc3f40000 - 0x00007ffdc3f48000 	C:\Windows\System32\PSAPI.DLL
0x00007ffdc1940000 - 0x00007ffdc1958000 	C:\Windows\SYSTEM32\CRYPTSP.dll
0x00007ffdc0ed0000 - 0x00007ffdc0f04000 	C:\Windows\system32\rsaenh.dll
0x00007ffdc1de0000 - 0x00007ffdc1e0e000 	C:\Windows\SYSTEM32\USERENV.dll
0x00007ffdc1720000 - 0x00007ffdc172c000 	C:\Windows\SYSTEM32\CRYPTBASE.dll
0x00007ffdc1290000 - 0x00007ffdc12cb000 	C:\Windows\SYSTEM32\IPHLPAPI.DLL
0x00007ffdc46f0000 - 0x00007ffdc46f8000 	C:\Windows\System32\NSI.dll
0x00007ffdbabc0000 - 0x00007ffdbabd7000 	C:\Windows\SYSTEM32\dhcpcsvc6.DLL
0x00007ffdbae80000 - 0x00007ffdbae9d000 	C:\Windows\SYSTEM32\dhcpcsvc.DLL
0x00007ffdc12d0000 - 0x00007ffdc139a000 	C:\Windows\SYSTEM32\DNSAPI.dll
0x00007ffdb2fc0000 - 0x00007ffdb2fc9000 	C:\Program Files\Microsoft\jdk-17.0.13.11-hotspot\bin\extnet.dll
0x00007ffdb2f10000 - 0x00007ffdb2f1e000 	C:\Program Files\Microsoft\jdk-17.0.13.11-hotspot\bin\sunmscapi.dll
0x00007ffdc1f30000 - 0x00007ffdc208c000 	C:\Windows\System32\CRYPT32.dll
0x00007ffdc1820000 - 0x00007ffdc1847000 	C:\Windows\SYSTEM32\ncrypt.dll
0x00007ffdc17e0000 - 0x00007ffdc181b000 	C:\Windows\SYSTEM32\NTASN1.dll
0x00007ffd96190000 - 0x00007ffd96197000 	C:\Windows\system32\wshunix.dll

dbghelp: loaded successfully - version: 4.0.5 - missing functions: none
symbol engine: initialized successfully - sym options: 0x614 - pdb path: .;C:\Program Files\Microsoft\jdk-17.0.13.11-hotspot\bin;C:\Windows\SYSTEM32;C:\Windows\WinSxS\amd64_microsoft.windows.common-controls_6595b64144ccf1df_6.0.19041.4355_none_60b8b9eb71f62e16;C:\Program Files\Microsoft\jdk-17.0.13.11-hotspot\bin\server;C:\Users\ONDEZX\.gradle\native\c067742578af261105cb4f569cf0c3c89f3d7b1fecec35dd04571415982c5e48\windows-amd64;C:\Users\ONDEZX\.gradle\native\100fb08df4bc3b14c8652ba06237920a3bd2aa13389f12d3474272988ae205f9\windows-amd64

VM Arguments:
jvm_args: -XX:MaxMetaspaceSize=512m --add-opens=java.base/java.util=ALL-UNNAMED --add-opens=java.base/java.lang=ALL-UNNAMED --add-opens=java.base/java.lang.invoke=ALL-UNNAMED --add-opens=java.prefs/java.util.prefs=ALL-UNNAMED --add-exports=jdk.compiler/com.sun.tools.javac.api=ALL-UNNAMED --add-exports=jdk.compiler/com.sun.tools.javac.util=ALL-UNNAMED --add-opens=java.base/java.nio.charset=ALL-UNNAMED --add-opens=java.base/java.net=ALL-UNNAMED --add-opens=java.base/java.util.concurrent.atomic=ALL-UNNAMED -Xmx2048m -Dfile.encoding=windows-1252 -Duser.country=IN -Duser.language=en -Duser.variant -javaagent:C:\Users\ONDEZX\.gradle\wrapper\dists\gradle-8.10.2-all\7iv73wktx1xtkvlq19urqw1wm\gradle-8.10.2\lib\agents\gradle-instrumentation-agent-8.10.2.jar 
java_command: org.gradle.launcher.daemon.bootstrap.GradleDaemon 8.10.2
java_class_path (initial): C:\Users\ONDEZX\.gradle\wrapper\dists\gradle-8.10.2-all\7iv73wktx1xtkvlq19urqw1wm\gradle-8.10.2\lib\gradle-daemon-main-8.10.2.jar
Launcher Type: SUN_STANDARD

[Global flags]
     intx CICompilerCount                          = 2                                         {product} {ergonomic}
   size_t CompressedClassSpaceSize                 = 436207616                                 {product} {ergonomic}
     uint ConcGCThreads                            = 1                                         {product} {ergonomic}
     uint G1ConcRefinementThreads                  = 2                                         {product} {ergonomic}
   size_t G1HeapRegionSize                         = 1048576                                   {product} {ergonomic}
    uintx GCDrainStackTargetSize                   = 64                                        {product} {ergonomic}
   size_t InitialHeapSize                          = 132120576                                 {product} {ergonomic}
   size_t MarkStackSize                            = 4194304                                   {product} {ergonomic}
   size_t MaxHeapSize                              = 2147483648                                {product} {command line}
   size_t MaxMetaspaceSize                         = 536870912                                 {product} {command line}
   size_t MaxNewSize                               = 1287651328                                {product} {ergonomic}
   size_t MinHeapDeltaBytes                        = 1048576                                   {product} {ergonomic}
   size_t MinHeapSize                              = 8388608                                   {product} {ergonomic}
    uintx NonNMethodCodeHeapSize                   = 5826188                                {pd product} {ergonomic}
    uintx NonProfiledCodeHeapSize                  = 122916026                              {pd product} {ergonomic}
    uintx ProfiledCodeHeapSize                     = 122916026                              {pd product} {ergonomic}
    uintx ReservedCodeCacheSize                    = 251658240                              {pd product} {ergonomic}
     bool SegmentedCodeCache                       = true                                      {product} {ergonomic}
   size_t SoftMaxHeapSize                          = 2147483648                             {manageable} {ergonomic}
     bool UseCompressedClassPointers               = true                           {product lp64_product} {ergonomic}
     bool UseCompressedOops                        = true                           {product lp64_product} {ergonomic}
     bool UseG1GC                                  = true                                      {product} {ergonomic}
     bool UseLargePagesIndividualAllocation        = false                                  {pd product} {ergonomic}

Logging:
Log output configuration:
 #0: stdout all=warning uptime,level,tags
 #1: stderr all=off uptime,level,tags

Environment Variables:
JAVA_HOME=C:\Program Files\Microsoft\jdk-17.0.13.11-hotspot\
CLASSPATH=C:\Users\ONDEZX\Desktop\pasupathi\testing\AwesomeProject\android\\gradle\wrapper\gradle-wrapper.jar
PATH=C:\Users\ONDEZX\Desktop\pasupathi\testing\AwesomeProject\node_modules\.bin;C:\Users\ONDEZX\Desktop\pasupathi\testing\AwesomeProject\node_modules\.bin;C:\Users\ONDEZX\Desktop\pasupathi\testing\node_modules\.bin;C:\Users\ONDEZX\Desktop\pasupathi\node_modules\.bin;C:\Users\ONDEZX\Desktop\node_modules\.bin;C:\Users\ONDEZX\node_modules\.bin;C:\Users\node_modules\.bin;C:\node_modules\.bin;C:\Program Files\nodejs\node_modules\npm\node_modules\@npmcli\run-script\lib\node-gyp-bin;C:\Users\ONDEZX\Desktop\pasupathi\testing\AwesomeProject\node_modules\.bin;C:\Users\ONDEZX\Desktop\pasupathi\testing\AwesomeProject\node_modules\.bin;C:\Users\ONDEZX\Desktop\pasupathi\testing\node_modules\.bin;C:\Users\ONDEZX\Desktop\pasupathi\node_modules\.bin;C:\Users\ONDEZX\Desktop\node_modules\.bin;C:\Users\ONDEZX\node_modules\.bin;C:\Users\node_modules\.bin;C:\node_modules\.bin;C:\Users\ONDEZX\bin;C:\Program Files\Git\mingw64\bin;C:\Program Files\Git\usr\local\bin;C:\Program Files\Git\usr\bin;C:\Program Files\Git\usr\bin;C:\Program Files\Git\mingw64\bin;C:\Program Files\Git\usr\bin;C:\Users\ONDEZX\bin;C:\Program Files\Microsoft\jdk-17.0.13.11-hotspot\bin;C:\Windows\system32;C:\Windows;C:\Windows\System32\Wbem;C:\Windows\System32\WindowsPowerShell\v1.0;C:\Windows\System32\OpenSSH;C:\ProgramData\chocolatey\bin;C:\Program Files\nodejs;%LOCALAPPDATA%\Android\Sdk\platform-tools;C:\Program Files\Git\cmd;C:\Program Files\Git\usr\bin;C:\Users\ONDEZX\AppData\Local\Android\Sdk;C:\Users\ONDEZX\AppData\Local\Android\Sdk\tools;C:\Users\ONDEZX\AppData\Local\Programs\Python\Python313\Scripts;C:\Users\ONDEZX\AppData\Local\Programs\Python\Python313;C:\Users\ONDEZX\AppData\Local\Programs\Python\Launcher;C:\Users\ONDEZX\AppData\Local\Microsoft\WindowsApps;C:\Users\ONDEZX\AppData\Local\Programs\Microsoft VS Code\bin;C:\Users\ONDEZX\AppData\Roaming\npm;C:\Users\ONDEZX\AppData\Local\Android\Sdk\platform-tools;C:\Program Files\Git\usr\bin\vendor_perl;C:\Program Files\Git\usr\bin\core_perl
USERNAME=ONDEZX
SHELL=C:\Program Files\Git\usr\bin\bash.exe
DISPLAY=needs-to-be-defined
LANG=en_US.UTF-8
TERM=xterm-256color
TMPDIR=C:\Windows\TEMP
OS=Windows_NT
PROCESSOR_IDENTIFIER=Intel64 Family 6 Model 94 Stepping 3, GenuineIntel
TMP=C:\Windows\TEMP
TEMP=C:\Users\ONDEZX\AppData\Local\Temp



Periodic native trim disabled


---------------  S Y S T E M  ---------------

OS:
 Windows 10 , 64 bit Build 19041 (10.0.19041.5072)
OS uptime: 1 days 5:04 hours
Hyper-V role detected

CPU: total 2 (initial active 2) (2 cores per cpu, 2 threads per core) family 6 model 94 stepping 3 microcode 0xcc, cx8, cmov, fxsr, ht, mmx, 3dnowpref, sse, sse2, sse3, ssse3, sse4.1, sse4.2, popcnt, lzcnt, tsc, tscinvbit, avx, avx2, aes, erms, clmul, bmi1, bmi2, adx, fma, vzeroupper, clflush, clflushopt, hv
Processor Information for the first 2 processors :
  Max Mhz: 3696, Current Mhz: 3696, Mhz Limit: 3696

Memory: 4k page, system-wide physical 8055M (255M free)
TotalPageFile size 23246M (AvailPageFile size 207M)
current process WorkingSet (physical memory assigned to process): 164M, peak: 168M
current process commit charge ("private bytes"): 261M, peak: 267M

vm_info: OpenJDK 64-Bit Server VM (17.0.13+11-LTS) for windows-amd64 JRE (17.0.13+11-LTS), built on Oct 11 2024 23:25:05 by "MicrosoftCorporation" with unknown MS VC++:1939

END.
