#
# There is insufficient memory for the Java Runtime Environment to continue.
# Native memory allocation (malloc) failed to allocate 639248 bytes. Error detail: Chunk::new
# Possible reasons:
#   The system is out of physical RAM or swap space
#   This process is running with CompressedOops enabled, and the Java Heap may be blocking the growth of the native heap
# Possible solutions:
#   Reduce memory load on the system
#   Increase physical memory or swap space
#   Check if swap backing store is full
#   Decrease Java heap size (-Xmx/-Xms)
#   Decrease number of Java threads
#   Decrease Java thread stack sizes (-Xss)
#   Set larger code cache with -XX:ReservedCodeCacheSize=
#   JVM is running with Unscaled Compressed Oops mode in which the Java heap is
#     placed in the first 4GB address space. The Java Heap base address is the
#     maximum limit for the native heap growth. Please use -XX:HeapBaseMinAddress
#     to set the Java Heap base and to place the Java Heap above 4GB virtual address.
# This output file may be truncated or incomplete.
#
#  Out of Memory Error (arena.cpp:191), pid=20428, tid=21100
#
# JRE version: OpenJDK Runtime Environment Microsoft-10376486 (17.0.13+11) (build 17.0.13+11-LTS)
# Java VM: OpenJDK 64-Bit Server VM Microsoft-10376486 (17.0.13+11-LTS, mixed mode, sharing, tiered, compressed oops, compressed class ptrs, g1 gc, windows-amd64)
# No core dump will be written. Minidumps are not enabled by default on client versions of Windows
#

---------------  S U M M A R Y ------------

Command Line: -XX:MaxMetaspaceSize=512m --add-opens=java.base/java.util=ALL-UNNAMED --add-opens=java.base/java.lang=ALL-UNNAMED --add-opens=java.base/java.lang.invoke=ALL-UNNAMED --add-opens=java.prefs/java.util.prefs=ALL-UNNAMED --add-exports=jdk.compiler/com.sun.tools.javac.api=ALL-UNNAMED --add-exports=jdk.compiler/com.sun.tools.javac.util=ALL-UNNAMED --add-opens=java.base/java.nio.charset=ALL-UNNAMED --add-opens=java.base/java.net=ALL-UNNAMED --add-opens=java.base/java.util.concurrent.atomic=ALL-UNNAMED -Xmx2048m -Dfile.encoding=windows-1252 -Duser.country=IN -Duser.language=en -Duser.variant -javaagent:C:\Users\ONDEZX\.gradle\wrapper\dists\gradle-8.10.2-all\7iv73wktx1xtkvlq19urqw1wm\gradle-8.10.2\lib\agents\gradle-instrumentation-agent-8.10.2.jar org.gradle.launcher.daemon.bootstrap.GradleDaemon 8.10.2

Host: Intel(R) Core(TM) i3-6100 CPU @ 3.70GHz, 2 cores, 7G,  Windows 10 , 64 bit Build 19041 (10.0.19041.5072)
Time: Tue Nov 19 14:38:57 2024 India Standard Time elapsed time: 234.677386 seconds (0d 0h 3m 54s)

---------------  T H R E A D  ---------------

Current thread (0x000002dff308fb40):  JavaThread "C2 CompilerThread0" daemon [_thread_in_native, id=21100, stack(0x000000f5c3600000,0x000000f5c3700000)]


Current CompileTask:
C2: 234748 4514       4       org.gradle.internal.service.DefaultServiceRegistry$ClassInspector::getDetailsForClass (50 bytes)

Stack: [0x000000f5c3600000,0x000000f5c3700000]
Native frames: (J=compiled Java code, j=interpreted, Vv=VM code, C=native code)
V  [jvm.dll+0x687fc9]
V  [jvm.dll+0x83eeb8]
V  [jvm.dll+0x840963]
V  [jvm.dll+0x840fd3]
V  [jvm.dll+0x24951f]
V  [jvm.dll+0xad0c4]
V  [jvm.dll+0xad75c]
V  [jvm.dll+0x36aafe]
V  [jvm.dll+0x335153]
V  [jvm.dll+0x3345ea]
V  [jvm.dll+0x21a748]
V  [jvm.dll+0x219b7f]
V  [jvm.dll+0x1a5506]
V  [jvm.dll+0x22a1ca]
V  [jvm.dll+0x22830b]
V  [jvm.dll+0x7f4708]
V  [jvm.dll+0x7eea6c]
V  [jvm.dll+0x686ea7]
C  [ucrtbase.dll+0x21bb2]
C  [KERNEL32.DLL+0x17374]
C  [ntdll.dll+0x4cc91]


---------------  P R O C E S S  ---------------

Threads class SMR info:
_java_thread_list=0x000002dffa1b6af0, length=36, elements={
0x000002dfd595b9a0, 0x000002dff306f970, 0x000002dff30707f0, 0x000002dff308b040,
0x000002dff308da20, 0x000002dff308e3e0, 0x000002dff308eda0, 0x000002dff308fb40,
0x000002dff30f60a0, 0x000002dff30f86c0, 0x000002dff3053430, 0x000002dff3233bd0,
0x000002dff3c07f30, 0x000002dff89e6b00, 0x000002dff3a47080, 0x000002dff8a671b0,
0x000002dff8571ae0, 0x000002dff806aaa0, 0x000002dff806afb0, 0x000002dff8069b70,
0x000002dff806b4c0, 0x000002dff806a590, 0x000002dff806b9d0, 0x000002dff806bee0,
0x000002dff8068730, 0x000002dff8068c40, 0x000002dff8069150, 0x000002dff8069660,
0x000002dff94e0bb0, 0x000002dff94e1ae0, 0x000002dff94dc9e0, 0x000002dff94e10c0,
0x000002dff94e1ff0, 0x000002dff94df260, 0x000002dff94de330, 0x000002dff94e2500
}

Java Threads: ( => current thread )
  0x000002dfd595b9a0 JavaThread "main" [_thread_blocked, id=19652, stack(0x000000f5c2800000,0x000000f5c2900000)]
  0x000002dff306f970 JavaThread "Reference Handler" daemon [_thread_blocked, id=20888, stack(0x000000f5c3000000,0x000000f5c3100000)]
  0x000002dff30707f0 JavaThread "Finalizer" daemon [_thread_blocked, id=20892, stack(0x000000f5c3100000,0x000000f5c3200000)]
  0x000002dff308b040 JavaThread "Signal Dispatcher" daemon [_thread_blocked, id=21084, stack(0x000000f5c3200000,0x000000f5c3300000)]
  0x000002dff308da20 JavaThread "Attach Listener" daemon [_thread_blocked, id=21088, stack(0x000000f5c3300000,0x000000f5c3400000)]
  0x000002dff308e3e0 JavaThread "Service Thread" daemon [_thread_blocked, id=21092, stack(0x000000f5c3400000,0x000000f5c3500000)]
  0x000002dff308eda0 JavaThread "Monitor Deflation Thread" daemon [_thread_blocked, id=21096, stack(0x000000f5c3500000,0x000000f5c3600000)]
=>0x000002dff308fb40 JavaThread "C2 CompilerThread0" daemon [_thread_in_native, id=21100, stack(0x000000f5c3600000,0x000000f5c3700000)]
  0x000002dff30f60a0 JavaThread "C1 CompilerThread0" daemon [_thread_blocked, id=21184, stack(0x000000f5c3700000,0x000000f5c3800000)]
  0x000002dff30f86c0 JavaThread "Sweeper thread" daemon [_thread_blocked, id=21240, stack(0x000000f5c3800000,0x000000f5c3900000)]
  0x000002dff3053430 JavaThread "Common-Cleaner" daemon [_thread_blocked, id=21288, stack(0x000000f5c3900000,0x000000f5c3a00000)]
  0x000002dff3233bd0 JavaThread "Notification Thread" daemon [_thread_blocked, id=20116, stack(0x000000f5c3a00000,0x000000f5c3b00000)]
  0x000002dff3c07f30 JavaThread "Daemon health stats" [_thread_blocked, id=16624, stack(0x000000f5c2900000,0x000000f5c2a00000)]
  0x000002dff89e6b00 JavaThread "Incoming local TCP Connector on port 50106" [_thread_in_native, id=18060, stack(0x000000f5c3e00000,0x000000f5c3f00000)]
  0x000002dff3a47080 JavaThread "Daemon periodic checks" [_thread_blocked, id=22420, stack(0x000000f5c3f00000,0x000000f5c4000000)]
  0x000002dff8a671b0 JavaThread "Daemon" [_thread_blocked, id=21608, stack(0x000000f5c4000000,0x000000f5c4100000)]
  0x000002dff8571ae0 JavaThread "Handler for socket connection from /127.0.0.1:50106 to /127.0.0.1:50107" [_thread_in_native, id=16112, stack(0x000000f5c4100000,0x000000f5c4200000)]
  0x000002dff806aaa0 JavaThread "Cancel handler" [_thread_blocked, id=19388, stack(0x000000f5c4200000,0x000000f5c4300000)]
  0x000002dff806afb0 JavaThread "Daemon worker" [_thread_in_native, id=18572, stack(0x000000f5c4300000,0x000000f5c4400000)]
  0x000002dff8069b70 JavaThread "Asynchronous log dispatcher for DefaultDaemonConnection: socket connection from /127.0.0.1:50106 to /127.0.0.1:50107" [_thread_blocked, id=9384, stack(0x000000f5c4400000,0x000000f5c4500000)]
  0x000002dff806b4c0 JavaThread "Stdin handler" [_thread_blocked, id=10000, stack(0x000000f5c4500000,0x000000f5c4600000)]
  0x000002dff806a590 JavaThread "Daemon client event forwarder" [_thread_blocked, id=19680, stack(0x000000f5c4600000,0x000000f5c4700000)]
  0x000002dff806b9d0 JavaThread "Cache worker for journal cache (C:\Users\ONDEZX\.gradle\caches\journal-1)" [_thread_blocked, id=5220, stack(0x000000f5c4700000,0x000000f5c4800000)]
  0x000002dff806bee0 JavaThread "File lock request listener" [_thread_in_native, id=7716, stack(0x000000f5c4800000,0x000000f5c4900000)]
  0x000002dff8068730 JavaThread "Cache worker for file hash cache (C:\Users\ONDEZX\.gradle\caches\8.10.2\fileHashes)" [_thread_blocked, id=14488, stack(0x000000f5c4900000,0x000000f5c4a00000)]
  0x000002dff8068c40 JavaThread "File lock release action executor" [_thread_blocked, id=18636, stack(0x000000f5c4b00000,0x000000f5c4c00000)]
  0x000002dff8069150 JavaThread "Cache worker for file hash cache (C:\Users\ONDEZX\Desktop\pasupathi\testing\AwesomeProject\android\.gradle\8.10.2\fileHashes)" [_thread_blocked, id=23024, stack(0x000000f5c2700000,0x000000f5c2800000)]
  0x000002dff8069660 JavaThread "Cache worker for Build Output Cleanup Cache (C:\Users\ONDEZX\Desktop\pasupathi\testing\AwesomeProject\android\.gradle\buildOutputCleanup)" [_thread_blocked, id=23184, stack(0x000000f5c3d00000,0x000000f5c3e00000)]
  0x000002dff94e0bb0 JavaThread "File watcher server" daemon [_thread_in_native, id=22456, stack(0x000000f5c4d00000,0x000000f5c4e00000)]
  0x000002dff94e1ae0 JavaThread "File watcher consumer" daemon [_thread_blocked, id=7248, stack(0x000000f5c4e00000,0x000000f5c4f00000)]
  0x000002dff94dc9e0 JavaThread "Cache worker for checksums cache (C:\Users\ONDEZX\Desktop\pasupathi\testing\AwesomeProject\android\.gradle\8.10.2\checksums)" [_thread_blocked, id=23084, stack(0x000000f5c4f00000,0x000000f5c5000000)]
  0x000002dff94e10c0 JavaThread "Cache worker for file content cache (C:\Users\ONDEZX\.gradle\caches\8.10.2\fileContent)" [_thread_blocked, id=23132, stack(0x000000f5c5000000,0x000000f5c5100000)]
  0x000002dff94e1ff0 JavaThread "Cache worker for cache directory md-rule (C:\Users\ONDEZX\.gradle\caches\8.10.2\md-rule)" [_thread_blocked, id=22900, stack(0x000000f5c5100000,0x000000f5c5200000)]
  0x000002dff94df260 JavaThread "Cache worker for cache directory md-supplier (C:\Users\ONDEZX\.gradle\caches\8.10.2\md-supplier)" [_thread_blocked, id=20648, stack(0x000000f5c5200000,0x000000f5c5300000)]
  0x000002dff94de330 JavaThread "jar transforms" [_thread_blocked, id=23480, stack(0x000000f5c5400000,0x000000f5c5500000)]
  0x000002dff94e2500 JavaThread "Cache worker for Build Output Cleanup Cache (C:\Users\ONDEZX\Desktop\pasupathi\testing\AwesomeProject\node_modules\@react-native\gradle-plugin\.gradle\buildOutputCleanup)" [_thread_blocked, id=20828, stack(0x000000f5c5500000,0x000000f5c5600000)]

Other Threads:
  0x000002dff3066da0 VMThread "VM Thread" [stack: 0x000000f5c2f00000,0x000000f5c3000000] [id=20520]
  0x000002dfd595c960 WatcherThread [stack: 0x000000f5c3b00000,0x000000f5c3c00000] [id=20200]
  0x000002dfd59b5800 GCTaskThread "GC Thread#0" [stack: 0x000000f5c2a00000,0x000000f5c2b00000] [id=18524]
  0x000002dff32a5fc0 GCTaskThread "GC Thread#1" [stack: 0x000000f5c3c00000,0x000000f5c3d00000] [id=19092]
  0x000002dfd59c6080 ConcurrentGCThread "G1 Main Marker" [stack: 0x000000f5c2b00000,0x000000f5c2c00000] [id=19328]
  0x000002dfd59c6aa0 ConcurrentGCThread "G1 Conc#0" [stack: 0x000000f5c2c00000,0x000000f5c2d00000] [id=19028]
  0x000002dfd5a0d950 ConcurrentGCThread "G1 Refine#0" [stack: 0x000000f5c2d00000,0x000000f5c2e00000] [id=19608]
  0x000002dff94e9680 ConcurrentGCThread "G1 Refine#1" [stack: 0x000000f5c5300000,0x000000f5c5400000] [id=19728]
  0x000002dfd5a0e380 ConcurrentGCThread "G1 Service" [stack: 0x000000f5c2e00000,0x000000f5c2f00000] [id=19604]

Threads with active compile tasks:
C2 CompilerThread0   234905 4514       4       org.gradle.internal.service.DefaultServiceRegistry$ClassInspector::getDetailsForClass (50 bytes)

VM state: not at safepoint (normal execution)

VM Mutex/Monitor currently owned by a thread: None

Heap address: 0x0000000080000000, size: 2048 MB, Compressed Oops mode: 32-bit

CDS archive(s) mapped at: [0x000002df80000000-0x000002df80bb0000-0x000002df80bb0000), size 12255232, SharedBaseAddress: 0x000002df80000000, ArchiveRelocationMode: 1.
Compressed class space mapped at: 0x000002df81000000-0x000002df9b000000, reserved size: 436207616
Narrow klass base: 0x000002df80000000, Narrow klass shift: 0, Narrow klass range: 0x100000000

GC Precious Log:
 CPUs: 2 total, 2 available
 Memory: 8055M
 Large Page Support: Disabled
 NUMA Support: Disabled
 Compressed Oops: Enabled (32-bit)
 Heap Region Size: 1M
 Heap Min Capacity: 8M
 Heap Initial Capacity: 126M
 Heap Max Capacity: 2G
 Pre-touch: Disabled
 Parallel Workers: 2
 Concurrent Workers: 1
 Concurrent Refinement Workers: 2
 Periodic GC: Disabled

Heap:
 garbage-first heap   total 92160K, used 38702K [0x0000000080000000, 0x0000000100000000)
  region size 1024K, 9 young (9216K), 3 survivors (3072K)
 Metaspace       used 36331K, committed 36736K, reserved 491520K
  class space    used 5029K, committed 5184K, reserved 425984K

Heap Regions: E=young(eden), S=young(survivor), O=old, HS=humongous(starts), HC=humongous(continues), CS=collection set, F=free, OA=open archive, CA=closed archive, TAMS=top-at-mark-start (previous, next)
|   0|0x0000000080000000, 0x0000000080100000, 0x0000000080100000|100%| O|  |TAMS 0x0000000080100000, 0x0000000080000000| Untracked 
|   1|0x0000000080100000, 0x0000000080200000, 0x0000000080200000|100%|HS|  |TAMS 0x0000000080200000, 0x0000000080100000| Complete 
|   2|0x0000000080200000, 0x0000000080300000, 0x0000000080300000|100%|HC|  |TAMS 0x0000000080300000, 0x0000000080200000| Complete 
|   3|0x0000000080300000, 0x0000000080400000, 0x0000000080400000|100%|HC|  |TAMS 0x0000000080400000, 0x0000000080300000| Complete 
|   4|0x0000000080400000, 0x0000000080500000, 0x0000000080500000|100%|HC|  |TAMS 0x0000000080500000, 0x0000000080400000| Complete 
|   5|0x0000000080500000, 0x0000000080600000, 0x0000000080600000|100%| O|  |TAMS 0x0000000080600000, 0x0000000080500000| Untracked 
|   6|0x0000000080600000, 0x0000000080700000, 0x0000000080700000|100%| O|  |TAMS 0x0000000080700000, 0x0000000080600000| Untracked 
|   7|0x0000000080700000, 0x0000000080800000, 0x0000000080800000|100%| O|  |TAMS 0x0000000080800000, 0x0000000080700000| Untracked 
|   8|0x0000000080800000, 0x0000000080900000, 0x0000000080900000|100%| O|  |TAMS 0x0000000080900000, 0x0000000080800000| Untracked 
|   9|0x0000000080900000, 0x0000000080a00000, 0x0000000080a00000|100%|HS|  |TAMS 0x0000000080a00000, 0x0000000080900000| Complete 
|  10|0x0000000080a00000, 0x0000000080b00000, 0x0000000080b00000|100%| O|  |TAMS 0x0000000080b00000, 0x0000000080a00000| Untracked 
|  11|0x0000000080b00000, 0x0000000080c00000, 0x0000000080c00000|100%| O|  |TAMS 0x0000000080c00000, 0x0000000080b00000| Untracked 
|  12|0x0000000080c00000, 0x0000000080d00000, 0x0000000080d00000|100%| O|  |TAMS 0x0000000080d00000, 0x0000000080c00000| Untracked 
|  13|0x0000000080d00000, 0x0000000080e00000, 0x0000000080e00000|100%| O|  |TAMS 0x0000000080e00000, 0x0000000080d00000| Untracked 
|  14|0x0000000080e00000, 0x0000000080f00000, 0x0000000080f00000|100%| O|  |TAMS 0x0000000080f00000, 0x0000000080e00000| Untracked 
|  15|0x0000000080f00000, 0x0000000081000000, 0x0000000081000000|100%| O|  |TAMS 0x0000000081000000, 0x0000000080f00000| Untracked 
|  16|0x0000000081000000, 0x0000000081100000, 0x0000000081100000|100%| O|  |TAMS 0x0000000081100000, 0x0000000081000000| Untracked 
|  17|0x0000000081100000, 0x000000008115b000, 0x0000000081200000| 35%| O|  |TAMS 0x000000008115b000, 0x0000000081100000| Untracked 
|  18|0x0000000081200000, 0x0000000081300000, 0x0000000081300000|100%| O|  |TAMS 0x0000000081300000, 0x0000000081200000| Untracked 
|  19|0x0000000081300000, 0x0000000081400000, 0x0000000081400000|100%| O|  |TAMS 0x0000000081400000, 0x0000000081300000| Untracked 
|  20|0x0000000081400000, 0x0000000081500000, 0x0000000081500000|100%| O|  |TAMS 0x0000000081500000, 0x0000000081400000| Untracked 
|  21|0x0000000081500000, 0x0000000081600000, 0x0000000081600000|100%| O|  |TAMS 0x0000000081600000, 0x0000000081500000| Untracked 
|  22|0x0000000081600000, 0x0000000081700000, 0x0000000081700000|100%| O|  |TAMS 0x0000000081700000, 0x0000000081600000| Untracked 
|  23|0x0000000081700000, 0x0000000081800000, 0x0000000081800000|100%| O|  |TAMS 0x0000000081800000, 0x0000000081700000| Untracked 
|  24|0x0000000081800000, 0x0000000081900000, 0x0000000081900000|100%| O|  |TAMS 0x0000000081900000, 0x0000000081800000| Untracked 
|  25|0x0000000081900000, 0x0000000081a00000, 0x0000000081a00000|100%| O|  |TAMS 0x0000000081976200, 0x0000000081900000| Untracked 
|  26|0x0000000081a00000, 0x0000000081a00000, 0x0000000081b00000|  0%| F|  |TAMS 0x0000000081a00000, 0x0000000081a00000| Untracked 
|  27|0x0000000081b00000, 0x0000000081b00000, 0x0000000081c00000|  0%| F|  |TAMS 0x0000000081b00000, 0x0000000081b00000| Untracked 
|  28|0x0000000081c00000, 0x0000000081c00000, 0x0000000081d00000|  0%| F|  |TAMS 0x0000000081c00000, 0x0000000081c00000| Untracked 
|  29|0x0000000081d00000, 0x0000000081d00000, 0x0000000081e00000|  0%| F|  |TAMS 0x0000000081d00000, 0x0000000081d00000| Untracked 
|  30|0x0000000081e00000, 0x0000000081e00000, 0x0000000081f00000|  0%| F|  |TAMS 0x0000000081e00000, 0x0000000081e00000| Untracked 
|  31|0x0000000081f00000, 0x0000000082000000, 0x0000000082000000|100%| O|  |TAMS 0x0000000081f00000, 0x0000000081f00000| Untracked 
|  32|0x0000000082000000, 0x0000000082100000, 0x0000000082100000|100%| O|  |TAMS 0x0000000082000000, 0x0000000082000000| Untracked 
|  33|0x0000000082100000, 0x0000000082200000, 0x0000000082200000|100%| O|  |TAMS 0x0000000082100000, 0x0000000082100000| Untracked 
|  34|0x0000000082200000, 0x0000000082300000, 0x0000000082300000|100%| O|  |TAMS 0x0000000082200000, 0x0000000082200000| Untracked 
|  35|0x0000000082300000, 0x00000000823f0800, 0x0000000082400000| 93%| O|  |TAMS 0x0000000082300000, 0x0000000082300000| Untracked 
|  36|0x0000000082400000, 0x0000000082400000, 0x0000000082500000|  0%| F|  |TAMS 0x0000000082400000, 0x0000000082400000| Untracked 
|  37|0x0000000082500000, 0x0000000082500000, 0x0000000082600000|  0%| F|  |TAMS 0x0000000082500000, 0x0000000082500000| Untracked 
|  38|0x0000000082600000, 0x0000000082600000, 0x0000000082700000|  0%| F|  |TAMS 0x0000000082600000, 0x0000000082600000| Untracked 
|  39|0x0000000082700000, 0x0000000082700000, 0x0000000082800000|  0%| F|  |TAMS 0x0000000082700000, 0x0000000082700000| Untracked 
|  40|0x0000000082800000, 0x0000000082800000, 0x0000000082900000|  0%| F|  |TAMS 0x0000000082800000, 0x0000000082800000| Untracked 
|  41|0x0000000082900000, 0x0000000082900000, 0x0000000082a00000|  0%| F|  |TAMS 0x0000000082900000, 0x0000000082900000| Untracked 
|  42|0x0000000082a00000, 0x0000000082a00000, 0x0000000082b00000|  0%| F|  |TAMS 0x0000000082a00000, 0x0000000082a00000| Untracked 
|  43|0x0000000082b00000, 0x0000000082b00000, 0x0000000082c00000|  0%| F|  |TAMS 0x0000000082b00000, 0x0000000082b00000| Untracked 
|  44|0x0000000082c00000, 0x0000000082c00000, 0x0000000082d00000|  0%| F|  |TAMS 0x0000000082c00000, 0x0000000082c00000| Untracked 
|  45|0x0000000082d00000, 0x0000000082d00000, 0x0000000082e00000|  0%| F|  |TAMS 0x0000000082d00000, 0x0000000082d00000| Untracked 
|  46|0x0000000082e00000, 0x0000000082e00000, 0x0000000082f00000|  0%| F|  |TAMS 0x0000000082e00000, 0x0000000082e00000| Untracked 
|  47|0x0000000082f00000, 0x0000000082f00000, 0x0000000083000000|  0%| F|  |TAMS 0x0000000082f00000, 0x0000000082f00000| Untracked 
|  48|0x0000000083000000, 0x0000000083000000, 0x0000000083100000|  0%| F|  |TAMS 0x0000000083000000, 0x0000000083000000| Untracked 
|  49|0x0000000083100000, 0x0000000083100000, 0x0000000083200000|  0%| F|  |TAMS 0x0000000083100000, 0x0000000083100000| Untracked 
|  50|0x0000000083200000, 0x0000000083200000, 0x0000000083300000|  0%| F|  |TAMS 0x0000000083200000, 0x0000000083200000| Untracked 
|  51|0x0000000083300000, 0x0000000083300000, 0x0000000083400000|  0%| F|  |TAMS 0x0000000083300000, 0x0000000083300000| Untracked 
|  52|0x0000000083400000, 0x0000000083400000, 0x0000000083500000|  0%| F|  |TAMS 0x0000000083400000, 0x0000000083400000| Untracked 
|  53|0x0000000083500000, 0x0000000083500000, 0x0000000083600000|  0%| F|  |TAMS 0x0000000083500000, 0x0000000083500000| Untracked 
|  54|0x0000000083600000, 0x0000000083600000, 0x0000000083700000|  0%| F|  |TAMS 0x0000000083600000, 0x0000000083600000| Untracked 
|  55|0x0000000083700000, 0x0000000083700000, 0x0000000083800000|  0%| F|  |TAMS 0x0000000083700000, 0x0000000083700000| Untracked 
|  56|0x0000000083800000, 0x0000000083800000, 0x0000000083900000|  0%| F|  |TAMS 0x0000000083800000, 0x0000000083800000| Untracked 
|  57|0x0000000083900000, 0x0000000083900000, 0x0000000083a00000|  0%| F|  |TAMS 0x0000000083900000, 0x0000000083900000| Untracked 
|  58|0x0000000083a00000, 0x0000000083a00000, 0x0000000083b00000|  0%| F|  |TAMS 0x0000000083a00000, 0x0000000083a00000| Untracked 
|  59|0x0000000083b00000, 0x0000000083b00000, 0x0000000083c00000|  0%| F|  |TAMS 0x0000000083b00000, 0x0000000083b00000| Untracked 
|  60|0x0000000083c00000, 0x0000000083c00000, 0x0000000083d00000|  0%| F|  |TAMS 0x0000000083c00000, 0x0000000083c00000| Untracked 
|  61|0x0000000083d00000, 0x0000000083d80000, 0x0000000083e00000| 50%| S|CS|TAMS 0x0000000083d00000, 0x0000000083d00000| Complete 
|  62|0x0000000083e00000, 0x0000000083f00000, 0x0000000083f00000|100%| S|CS|TAMS 0x0000000083e00000, 0x0000000083e00000| Complete 
|  63|0x0000000083f00000, 0x0000000084000000, 0x0000000084000000|100%| S|CS|TAMS 0x0000000083f00000, 0x0000000083f00000| Complete 
|  64|0x0000000084000000, 0x0000000084000000, 0x0000000084100000|  0%| F|  |TAMS 0x0000000084000000, 0x0000000084000000| Untracked 
|  65|0x0000000084100000, 0x0000000084100000, 0x0000000084200000|  0%| F|  |TAMS 0x0000000084100000, 0x0000000084100000| Untracked 
|  66|0x0000000084200000, 0x0000000084200000, 0x0000000084300000|  0%| F|  |TAMS 0x0000000084200000, 0x0000000084200000| Untracked 
|  67|0x0000000084300000, 0x0000000084300000, 0x0000000084400000|  0%| F|  |TAMS 0x0000000084300000, 0x0000000084300000| Untracked 
|  68|0x0000000084400000, 0x0000000084400000, 0x0000000084500000|  0%| F|  |TAMS 0x0000000084400000, 0x0000000084400000| Untracked 
|  69|0x0000000084500000, 0x0000000084500000, 0x0000000084600000|  0%| F|  |TAMS 0x0000000084500000, 0x0000000084500000| Untracked 
|  70|0x0000000084600000, 0x0000000084600000, 0x0000000084700000|  0%| F|  |TAMS 0x0000000084600000, 0x0000000084600000| Untracked 
|  71|0x0000000084700000, 0x0000000084700000, 0x0000000084800000|  0%| F|  |TAMS 0x0000000084700000, 0x0000000084700000| Untracked 
|  72|0x0000000084800000, 0x0000000084800000, 0x0000000084900000|  0%| F|  |TAMS 0x0000000084800000, 0x0000000084800000| Untracked 
|  73|0x0000000084900000, 0x0000000084900000, 0x0000000084a00000|  0%| F|  |TAMS 0x0000000084900000, 0x0000000084900000| Untracked 
|  74|0x0000000084a00000, 0x0000000084a00000, 0x0000000084b00000|  0%| F|  |TAMS 0x0000000084a00000, 0x0000000084a00000| Untracked 
|  75|0x0000000084b00000, 0x0000000084b00000, 0x0000000084c00000|  0%| F|  |TAMS 0x0000000084b00000, 0x0000000084b00000| Untracked 
|  76|0x0000000084c00000, 0x0000000084c00000, 0x0000000084d00000|  0%| F|  |TAMS 0x0000000084c00000, 0x0000000084c00000| Untracked 
|  77|0x0000000084d00000, 0x0000000084d00000, 0x0000000084e00000|  0%| F|  |TAMS 0x0000000084d00000, 0x0000000084d00000| Untracked 
|  78|0x0000000084e00000, 0x0000000084e00000, 0x0000000084f00000|  0%| F|  |TAMS 0x0000000084e00000, 0x0000000084e00000| Untracked 
|  79|0x0000000084f00000, 0x0000000084f00000, 0x0000000085000000|  0%| F|  |TAMS 0x0000000084f00000, 0x0000000084f00000| Untracked 
|  80|0x0000000085000000, 0x0000000085000000, 0x0000000085100000|  0%| F|  |TAMS 0x0000000085000000, 0x0000000085000000| Untracked 
|  82|0x0000000085200000, 0x0000000085200000, 0x0000000085300000|  0%| F|  |TAMS 0x0000000085200000, 0x0000000085200000| Untracked 
|  83|0x0000000085300000, 0x0000000085300000, 0x0000000085400000|  0%| F|  |TAMS 0x0000000085300000, 0x0000000085300000| Untracked 
|  84|0x0000000085400000, 0x0000000085400000, 0x0000000085500000|  0%| F|  |TAMS 0x0000000085400000, 0x0000000085400000| Untracked 
|  85|0x0000000085500000, 0x00000000855a7ab8, 0x0000000085600000| 65%| E|  |TAMS 0x0000000085500000, 0x0000000085500000| Complete 
|  86|0x0000000085600000, 0x0000000085700000, 0x0000000085700000|100%| E|CS|TAMS 0x0000000085600000, 0x0000000085600000| Complete 
|  87|0x0000000085700000, 0x0000000085800000, 0x0000000085800000|100%| E|CS|TAMS 0x0000000085700000, 0x0000000085700000| Complete 
|  88|0x0000000085800000, 0x0000000085900000, 0x0000000085900000|100%| E|CS|TAMS 0x0000000085800000, 0x0000000085800000| Complete 
|  89|0x0000000085900000, 0x0000000085a00000, 0x0000000085a00000|100%| E|CS|TAMS 0x0000000085900000, 0x0000000085900000| Complete 
| 125|0x0000000087d00000, 0x0000000087e00000, 0x0000000087e00000|100%| E|CS|TAMS 0x0000000087d00000, 0x0000000087d00000| Complete 

Card table byte_map: [0x000002dfec490000,0x000002dfec890000] _byte_map_base: 0x000002dfec090000

Marking Bits (Prev, Next): (CMBitMap*) 0x000002dfd385b070, (CMBitMap*) 0x000002dfd385b0b0
 Prev Bits: [0x000002dfecc90000, 0x000002dfeec90000)
 Next Bits: [0x000002dfeec90000, 0x000002dff0c90000)

Polling page: 0x000002dfd3700000

Metaspace:

Usage:
  Non-class:     30.57 MB used.
      Class:      4.91 MB used.
       Both:     35.48 MB used.

Virtual space:
  Non-class space:       64.00 MB reserved,      30.81 MB ( 48%) committed,  1 nodes.
      Class space:      416.00 MB reserved,       5.06 MB (  1%) committed,  1 nodes.
             Both:      480.00 MB reserved,      35.88 MB (  7%) committed. 

Chunk freelists:
   Non-Class:  928.00 KB
       Class:  10.94 MB
        Both:  11.84 MB

MaxMetaspaceSize: 512.00 MB
CompressedClassSpaceSize: 416.00 MB
Initial GC threshold: 21.00 MB
Current GC threshold: 59.81 MB
CDS: on
MetaspaceReclaimPolicy: balanced
 - commit_granule_bytes: 65536.
 - commit_granule_words: 8192.
 - virtual_space_node_default_size: 8388608.
 - enlarge_chunks_in_place: 1.
 - new_chunks_are_fully_committed: 0.
 - uncommit_free_chunks: 1.
 - use_allocation_guard: 0.
 - handle_deallocations: 1.


Internal statistics:

num_allocs_failed_limit: 9.
num_arena_births: 412.
num_arena_deaths: 0.
num_vsnodes_births: 2.
num_vsnodes_deaths: 0.
num_space_committed: 574.
num_space_uncommitted: 0.
num_chunks_returned_to_freelist: 9.
num_chunks_taken_from_freelist: 1776.
num_chunk_merges: 6.
num_chunk_splits: 1161.
num_chunks_enlarged: 821.
num_inconsistent_stats: 0.

CodeHeap 'non-profiled nmethods': size=120064Kb used=2746Kb max_used=2746Kb free=117317Kb
 bounds [0x000002dfe4f50000, 0x000002dfe5200000, 0x000002dfec490000]
CodeHeap 'profiled nmethods': size=120000Kb used=9231Kb max_used=9231Kb free=110769Kb
 bounds [0x000002dfdd490000, 0x000002dfddda0000, 0x000002dfe49c0000]
CodeHeap 'non-nmethods': size=5696Kb used=2295Kb max_used=2324Kb free=3400Kb
 bounds [0x000002dfe49c0000, 0x000002dfe4c30000, 0x000002dfe4f50000]
 total_blobs=5304 nmethods=4498 adapters=718
 compilation: enabled
              stopped_count=0, restarted_count=0
 full_count=0

Compilation events (20 events):
Event: 233.086 Thread 0x000002dff30f60a0 nmethod 4508 0x000002dfddd87310 code [0x000002dfddd874e0, 0x000002dfddd87798]
Event: 233.184 Thread 0x000002dff30f60a0 4509       3       java.lang.invoke.BoundMethodHandle::rebind (14 bytes)
Event: 233.184 Thread 0x000002dff30f60a0 nmethod 4509 0x000002dfddd87910 code [0x000002dfddd87b00, 0x000002dfddd88048]
Event: 233.184 Thread 0x000002dff30f60a0 4510       3       java.lang.invoke.BoundMethodHandle::tooComplex (27 bytes)
Event: 233.184 Thread 0x000002dff30f60a0 nmethod 4510 0x000002dfddd88210 code [0x000002dfddd883e0, 0x000002dfddd88838]
Event: 233.184 Thread 0x000002dff30f60a0 4511       3       java.lang.invoke.BoundMethodHandle::fieldCount (8 bytes)
Event: 233.185 Thread 0x000002dff30f60a0 nmethod 4511 0x000002dfddd88a10 code [0x000002dfddd88bc0, 0x000002dfddd88eb8]
Event: 233.407 Thread 0x000002dff30f60a0 4513       3       org.gradle.internal.service.DefaultServiceRegistry::isSatisfiedBy (61 bytes)
Event: 233.407 Thread 0x000002dff30f60a0 nmethod 4513 0x000002dfddd89010 code [0x000002dfddd89240, 0x000002dfddd89c58]
Event: 233.435 Thread 0x000002dff308fb40 4514       4       org.gradle.internal.service.DefaultServiceRegistry$ClassInspector::getDetailsForClass (50 bytes)
Event: 233.435 Thread 0x000002dff30f60a0 4516       3       java.lang.reflect.AccessibleObject::checkAccess (40 bytes)
Event: 233.435 Thread 0x000002dff30f60a0 nmethod 4516 0x000002dfddd89e10 code [0x000002dfddd89fe0, 0x000002dfddd8a318]
Event: 233.436 Thread 0x000002dff30f60a0 4517   !   3       org.gradle.internal.service.DefaultServiceRegistry$FactoryMethodService::invokeMethod (147 bytes)
Event: 233.437 Thread 0x000002dff30f60a0 nmethod 4517 0x000002dfddd8a490 code [0x000002dfddd8a8c0, 0x000002dfddd8cc08]
Event: 233.457 Thread 0x000002dff30f60a0 4518       3       org.gradle.internal.service.DefaultServiceRegistry$OwnServices::getAll (50 bytes)
Event: 233.458 Thread 0x000002dff30f60a0 nmethod 4518 0x000002dfddd8d790 code [0x000002dfddd8d9c0, 0x000002dfddd8e2c8]
Event: 233.458 Thread 0x000002dff30f60a0 4519       3       org.gradle.internal.instantiation.generator.AbstractClassGenerator$GeneratedClassImpl$GeneratedConstructorImpl::getParameterTypes (8 bytes)
Event: 233.458 Thread 0x000002dff30f60a0 nmethod 4519 0x000002dfddd8e590 code [0x000002dfddd8e740, 0x000002dfddd8ea88]
Event: 233.556 Thread 0x000002dff30f60a0 4520       3       java.util.stream.Collectors::toList (26 bytes)
Event: 233.557 Thread 0x000002dff30f60a0 nmethod 4520 0x000002dfddd8eb90 code [0x000002dfddd8ed80, 0x000002dfddd8f328]

GC Heap History (18 events):
Event: 18.236 GC heap before
{Heap before GC invocations=0 (full 0):
 garbage-first heap   total 129024K, used 5120K [0x0000000080000000, 0x0000000100000000)
  region size 1024K, 6 young (6144K), 0 survivors (0K)
 Metaspace       used 703K, committed 832K, reserved 491520K
  class space    used 61K, committed 128K, reserved 425984K
}
Event: 19.630 GC heap after
{Heap after GC invocations=1 (full 0):
 garbage-first heap   total 129024K, used 1224K [0x0000000080000000, 0x0000000100000000)
  region size 1024K, 1 young (1024K), 1 survivors (1024K)
 Metaspace       used 703K, committed 832K, reserved 491520K
  class space    used 61K, committed 128K, reserved 425984K
}
Event: 24.992 GC heap before
{Heap before GC invocations=1 (full 0):
 garbage-first heap   total 129024K, used 7368K [0x0000000080000000, 0x0000000100000000)
  region size 1024K, 7 young (7168K), 1 survivors (1024K)
 Metaspace       used 759K, committed 896K, reserved 491520K
  class space    used 61K, committed 128K, reserved 425984K
}
Event: 24.993 GC heap after
{Heap after GC invocations=2 (full 0):
 garbage-first heap   total 129024K, used 1309K [0x0000000080000000, 0x0000000100000000)
  region size 1024K, 1 young (1024K), 1 survivors (1024K)
 Metaspace       used 759K, committed 896K, reserved 491520K
  class space    used 61K, committed 128K, reserved 425984K
}
Event: 60.236 GC heap before
{Heap before GC invocations=2 (full 0):
 garbage-first heap   total 129024K, used 18717K [0x0000000080000000, 0x0000000100000000)
  region size 1024K, 15 young (15360K), 1 survivors (1024K)
 Metaspace       used 1429K, committed 1536K, reserved 491520K
  class space    used 120K, committed 192K, reserved 425984K
}
Event: 60.240 GC heap after
{Heap after GC invocations=3 (full 0):
 garbage-first heap   total 129024K, used 10851K [0x0000000080000000, 0x0000000100000000)
  region size 1024K, 2 young (2048K), 2 survivors (2048K)
 Metaspace       used 1429K, committed 1536K, reserved 491520K
  class space    used 120K, committed 192K, reserved 425984K
}
Event: 94.285 GC heap before
{Heap before GC invocations=3 (full 0):
 garbage-first heap   total 129024K, used 87651K [0x0000000080000000, 0x0000000100000000)
  region size 1024K, 75 young (76800K), 2 survivors (2048K)
 Metaspace       used 5130K, committed 5312K, reserved 491520K
  class space    used 671K, committed 768K, reserved 425984K
}
Event: 94.293 GC heap after
{Heap after GC invocations=4 (full 0):
 garbage-first heap   total 129024K, used 17907K [0x0000000080000000, 0x0000000100000000)
  region size 1024K, 8 young (8192K), 8 survivors (8192K)
 Metaspace       used 5130K, committed 5312K, reserved 491520K
  class space    used 671K, committed 768K, reserved 425984K
}
Event: 142.301 GC heap before
{Heap before GC invocations=4 (full 0):
 garbage-first heap   total 129024K, used 86515K [0x0000000080000000, 0x0000000100000000)
  region size 1024K, 75 young (76800K), 8 survivors (8192K)
 Metaspace       used 17057K, committed 17408K, reserved 491520K
  class space    used 2400K, committed 2560K, reserved 425984K
}
Event: 142.365 GC heap after
{Heap after GC invocations=5 (full 0):
 garbage-first heap   total 129024K, used 23278K [0x0000000080000000, 0x0000000100000000)
  region size 1024K, 6 young (6144K), 6 survivors (6144K)
 Metaspace       used 17057K, committed 17408K, reserved 491520K
  class space    used 2400K, committed 2560K, reserved 425984K
}
Event: 159.437 GC heap before
{Heap before GC invocations=5 (full 0):
 garbage-first heap   total 129024K, used 59118K [0x0000000080000000, 0x0000000100000000)
  region size 1024K, 42 young (43008K), 6 survivors (6144K)
 Metaspace       used 21230K, committed 21504K, reserved 491520K
  class space    used 3057K, committed 3200K, reserved 425984K
}
Event: 159.446 GC heap after
{Heap after GC invocations=6 (full 0):
 garbage-first heap   total 129024K, used 25416K [0x0000000080000000, 0x0000000100000000)
  region size 1024K, 8 young (8192K), 8 survivors (8192K)
 Metaspace       used 21230K, committed 21504K, reserved 491520K
  class space    used 3057K, committed 3200K, reserved 425984K
}
Event: 185.030 GC heap before
{Heap before GC invocations=7 (full 0):
 garbage-first heap   total 92160K, used 72520K [0x0000000080000000, 0x0000000100000000)
  region size 1024K, 54 young (55296K), 8 survivors (8192K)
 Metaspace       used 26823K, committed 27136K, reserved 491520K
  class space    used 3918K, committed 4032K, reserved 425984K
}
Event: 185.050 GC heap after
{Heap after GC invocations=8 (full 0):
 garbage-first heap   total 92160K, used 26872K [0x0000000080000000, 0x0000000100000000)
  region size 1024K, 4 young (4096K), 4 survivors (4096K)
 Metaspace       used 26823K, committed 27136K, reserved 491520K
  class space    used 3918K, committed 4032K, reserved 425984K
}
Event: 201.536 GC heap before
{Heap before GC invocations=8 (full 0):
 garbage-first heap   total 92160K, used 69880K [0x0000000080000000, 0x0000000100000000)
  region size 1024K, 47 young (48128K), 4 survivors (4096K)
 Metaspace       used 32550K, committed 32896K, reserved 491520K
  class space    used 4541K, committed 4736K, reserved 425984K
}
Event: 201.546 GC heap after
{Heap after GC invocations=9 (full 0):
 garbage-first heap   total 92160K, used 31556K [0x0000000080000000, 0x0000000100000000)
  region size 1024K, 6 young (6144K), 6 survivors (6144K)
 Metaspace       used 32550K, committed 32896K, reserved 491520K
  class space    used 4541K, committed 4736K, reserved 425984K
}
Event: 231.893 GC heap before
{Heap before GC invocations=9 (full 0):
 garbage-first heap   total 92160K, used 61252K [0x0000000080000000, 0x0000000100000000)
  region size 1024K, 32 young (32768K), 6 survivors (6144K)
 Metaspace       used 35729K, committed 36096K, reserved 491520K
  class space    used 4926K, committed 5120K, reserved 425984K
}
Event: 231.985 GC heap after
{Heap after GC invocations=10 (full 0):
 garbage-first heap   total 92160K, used 33582K [0x0000000080000000, 0x0000000100000000)
  region size 1024K, 3 young (3072K), 3 survivors (3072K)
 Metaspace       used 35729K, committed 36096K, reserved 491520K
  class space    used 4926K, committed 5120K, reserved 425984K
}

Dll operation events (15 events):
Event: 0.044 Loaded shared library C:\Program Files\Microsoft\jdk-17.0.13.11-hotspot\bin\java.dll
Event: 1.769 Loaded shared library C:\Program Files\Microsoft\jdk-17.0.13.11-hotspot\bin\jsvml.dll
Event: 12.964 Loaded shared library C:\Program Files\Microsoft\jdk-17.0.13.11-hotspot\bin\zip.dll
Event: 12.966 Loaded shared library C:\Program Files\Microsoft\jdk-17.0.13.11-hotspot\bin\instrument.dll
Event: 12.971 Loaded shared library C:\Program Files\Microsoft\jdk-17.0.13.11-hotspot\bin\net.dll
Event: 12.973 Loaded shared library C:\Program Files\Microsoft\jdk-17.0.13.11-hotspot\bin\nio.dll
Event: 12.978 Loaded shared library C:\Program Files\Microsoft\jdk-17.0.13.11-hotspot\bin\zip.dll
Event: 28.323 Loaded shared library C:\Program Files\Microsoft\jdk-17.0.13.11-hotspot\bin\jimage.dll
Event: 59.512 Loaded shared library C:\Program Files\Microsoft\jdk-17.0.13.11-hotspot\bin\verify.dll
Event: 62.901 Loaded shared library C:\Users\ONDEZX\.gradle\native\c067742578af261105cb4f569cf0c3c89f3d7b1fecec35dd04571415982c5e48\windows-amd64\native-platform.dll
Event: 62.906 Loaded shared library C:\Users\ONDEZX\.gradle\native\100fb08df4bc3b14c8652ba06237920a3bd2aa13389f12d3474272988ae205f9\windows-amd64\native-platform-file-events.dll
Event: 95.765 Loaded shared library C:\Program Files\Microsoft\jdk-17.0.13.11-hotspot\bin\management.dll
Event: 95.768 Loaded shared library C:\Program Files\Microsoft\jdk-17.0.13.11-hotspot\bin\management_ext.dll
Event: 99.633 Loaded shared library C:\Program Files\Microsoft\jdk-17.0.13.11-hotspot\bin\extnet.dll
Event: 113.489 Loaded shared library C:\Program Files\Microsoft\jdk-17.0.13.11-hotspot\bin\sunmscapi.dll

Deoptimization events (20 events):
Event: 224.035 Thread 0x000002dff806afb0 Uncommon trap: trap_request=0xffffffbe fr.pc=0x000002dfe51e1e44 relative=0x0000000000000684
Event: 224.035 Thread 0x000002dff806afb0 Uncommon trap: reason=profile_predicate action=maybe_recompile pc=0x000002dfe51e1e44 method=java.lang.PublicMethods$MethodList.filter([Ljava/lang/reflect/Method;Ljava/lang/String;[Ljava/lang/Class;Z)Ljava/lang/PublicMethods$MethodList; @ 21 c2
Event: 224.035 Thread 0x000002dff806afb0 DEOPT PACKING pc=0x000002dfe51e1e44 sp=0x000000f5c43f8fc0
Event: 224.035 Thread 0x000002dff806afb0 DEOPT UNPACKING pc=0x000002dfe4a169a3 sp=0x000000f5c43f8f78 mode 2
Event: 224.035 Thread 0x000002dff806afb0 Uncommon trap: trap_request=0xffffffbe fr.pc=0x000002dfe51e1e44 relative=0x0000000000000684
Event: 224.035 Thread 0x000002dff806afb0 Uncommon trap: reason=profile_predicate action=maybe_recompile pc=0x000002dfe51e1e44 method=java.lang.PublicMethods$MethodList.filter([Ljava/lang/reflect/Method;Ljava/lang/String;[Ljava/lang/Class;Z)Ljava/lang/PublicMethods$MethodList; @ 21 c2
Event: 224.035 Thread 0x000002dff806afb0 DEOPT PACKING pc=0x000002dfe51e1e44 sp=0x000000f5c43f8fa0
Event: 224.035 Thread 0x000002dff806afb0 DEOPT UNPACKING pc=0x000002dfe4a169a3 sp=0x000000f5c43f8f58 mode 2
Event: 226.488 Thread 0x000002dff806afb0 Uncommon trap: trap_request=0xffffffde fr.pc=0x000002dfe51b2248 relative=0x0000000000000828
Event: 226.488 Thread 0x000002dff806afb0 Uncommon trap: reason=class_check action=maybe_recompile pc=0x000002dfe51b2248 method=jdk.internal.loader.Resource.getBytes()[B @ 10 c2
Event: 226.488 Thread 0x000002dff806afb0 DEOPT PACKING pc=0x000002dfe51b2248 sp=0x000000f5c43f9550
Event: 226.488 Thread 0x000002dff806afb0 DEOPT UNPACKING pc=0x000002dfe4a169a3 sp=0x000000f5c43f94e8 mode 2
Event: 226.488 Thread 0x000002dff806afb0 Uncommon trap: trap_request=0xffffffde fr.pc=0x000002dfe51a9280 relative=0x0000000000000060
Event: 226.488 Thread 0x000002dff806afb0 Uncommon trap: reason=class_check action=maybe_recompile pc=0x000002dfe51a9280 method=java.util.stream.StreamOpFlag.fromCharacteristics(Ljava/util/Spliterator;)I @ 14 c2
Event: 226.488 Thread 0x000002dff806afb0 DEOPT PACKING pc=0x000002dfe51a9280 sp=0x000000f5c43f9f10
Event: 226.488 Thread 0x000002dff806afb0 DEOPT UNPACKING pc=0x000002dfe4a169a3 sp=0x000000f5c43f9ea8 mode 2
Event: 232.183 Thread 0x000002dff806afb0 Uncommon trap: trap_request=0xffffff45 fr.pc=0x000002dfe512c968 relative=0x0000000000003408
Event: 232.183 Thread 0x000002dff806afb0 Uncommon trap: reason=unstable_if action=reinterpret pc=0x000002dfe512c968 method=org.objectweb.asm.Frame.push(I)V @ 26 c2
Event: 232.183 Thread 0x000002dff806afb0 DEOPT PACKING pc=0x000002dfe512c968 sp=0x000000f5c43f96e0
Event: 232.183 Thread 0x000002dff806afb0 DEOPT UNPACKING pc=0x000002dfe4a169a3 sp=0x000000f5c43f9618 mode 2

Classes loaded (20 events):
Event: 223.895 Loading class com/sun/beans/finder/FinderUtils
Event: 223.907 Loading class com/sun/beans/finder/FinderUtils done
Event: 225.548 Loading class java/util/function/IntBinaryOperator
Event: 225.548 Loading class java/util/function/IntBinaryOperator done
Event: 226.662 Loading class sun/reflect/MagicAccessorImpl
Event: 226.663 Loading class sun/reflect/MagicAccessorImpl done
Event: 228.568 Loading class java/util/DualPivotQuicksort
Event: 228.598 Loading class java/util/DualPivotQuicksort done
Event: 232.552 Loading class java/util/PrimitiveIterator$OfInt
Event: 232.552 Loading class java/util/PrimitiveIterator
Event: 232.646 Loading class java/util/PrimitiveIterator done
Event: 232.646 Loading class java/util/PrimitiveIterator$OfInt done
Event: 232.716 Loading class java/util/concurrent/RecursiveAction
Event: 232.716 Loading class java/util/concurrent/RecursiveAction done
Event: 232.732 Loading class java/util/stream/ReduceOps$2
Event: 232.732 Loading class java/util/stream/ReduceOps$2 done
Event: 232.732 Loading class java/util/stream/ReduceOps$2ReducingSink
Event: 232.732 Loading class java/util/stream/ReduceOps$2ReducingSink done
Event: 232.746 Loading class java/lang/StringIndexOutOfBoundsException
Event: 233.033 Loading class java/lang/StringIndexOutOfBoundsException done

Classes unloaded (0 events):
No events

Classes redefined (0 events):
No events

Internal exceptions (20 events):
Event: 223.851 Thread 0x000002dff806afb0 Exception <a 'java/lang/ClassNotFoundException'{0x0000000084b5def8}: groovy/lang/ClosureCustomizer> (0x0000000084b5def8) 
thrown [s\src\hotspot\share\classfile\systemDictionary.cpp, line 256]
Event: 223.859 Thread 0x000002dff806afb0 Exception <a 'java/lang/ClassNotFoundException'{0x0000000084b9d7b8}: groovy/lang/Closure$1Customizer> (0x0000000084b9d7b8) 
thrown [s\src\hotspot\share\classfile\systemDictionary.cpp, line 256]
Event: 224.723 Thread 0x000002dff806afb0 Exception <a 'java/lang/NoSuchMethodError'{0x0000000084a78af8}: 'void java.lang.invoke.Invokers$Holder.invoke_MT(java.lang.Object, java.lang.Object, java.lang.Object, java.lang.Object)'> (0x0000000084a78af8) 
thrown [s\src\hotspot\share\interpreter\linkResolver.cpp, line 759]
Event: 224.777 Thread 0x000002dff806afb0 Exception <a 'java/lang/ClassNotFoundException'{0x000000008480d7c8}: org/gradle/initialization/DefaultSettings_DecoratedBeanInfo> (0x000000008480d7c8) 
thrown [s\src\hotspot\share\classfile\systemDictionary.cpp, line 256]
Event: 224.778 Thread 0x000002dff806afb0 Exception <a 'java/lang/ClassNotFoundException'{0x000000008481d2b8}: org/gradle/initialization/DefaultSettingsBeanInfo> (0x000000008481d2b8) 
thrown [s\src\hotspot\share\classfile\systemDictionary.cpp, line 256]
Event: 224.781 Thread 0x000002dff806afb0 Exception <a 'java/lang/ClassNotFoundException'{0x000000008482d700}: org/gradle/api/internal/project/AbstractPluginAwareBeanInfo> (0x000000008482d700) 
thrown [s\src\hotspot\share\classfile\systemDictionary.cpp, line 256]
Event: 224.781 Thread 0x000002dff806afb0 Exception <a 'java/lang/ClassNotFoundException'{0x000000008483d4e0}: org/gradle/api/internal/project/AbstractPluginAwareCustomizer> (0x000000008483d4e0) 
thrown [s\src\hotspot\share\classfile\systemDictionary.cpp, line 256]
Event: 224.783 Thread 0x000002dff806afb0 Exception <a 'java/lang/ClassNotFoundException'{0x0000000084852d98}: org/gradle/initialization/DefaultSettingsCustomizer> (0x0000000084852d98) 
thrown [s\src\hotspot\share\classfile\systemDictionary.cpp, line 256]
Event: 224.813 Thread 0x000002dff806afb0 Exception <a 'java/lang/ClassNotFoundException'{0x000000008489aef0}: org/gradle/initialization/DefaultSettings_DecoratedCustomizer> (0x000000008489aef0) 
thrown [s\src\hotspot\share\classfile\systemDictionary.cpp, line 256]
Event: 225.538 Thread 0x000002dff806afb0 Exception <a 'java/lang/ClassNotFoundException'{0x0000000084675678}: org/gradle/internal/metaobject/ConfigureDelegateBeanInfo> (0x0000000084675678) 
thrown [s\src\hotspot\share\classfile\systemDictionary.cpp, line 256]
Event: 225.539 Thread 0x000002dff806afb0 Exception <a 'java/lang/ClassNotFoundException'{0x0000000084686418}: org/gradle/internal/metaobject/ConfigureDelegateCustomizer> (0x0000000084686418) 
thrown [s\src\hotspot\share\classfile\systemDictionary.cpp, line 256]
Event: 226.302 Thread 0x000002dff806afb0 Exception <a 'java/lang/ClassNotFoundException'{0x000000008455b8d8}: org/gradle/plugin/management/internal/DefaultPluginManagementSpec_DecoratedBeanInfo> (0x000000008455b8d8) 
thrown [s\src\hotspot\share\classfile\systemDictionary.cpp, line 256]
Event: 226.302 Thread 0x000002dff806afb0 Exception <a 'java/lang/ClassNotFoundException'{0x0000000084570a50}: org/gradle/plugin/management/internal/DefaultPluginManagementSpecBeanInfo> (0x0000000084570a50) 
thrown [s\src\hotspot\share\classfile\systemDictionary.cpp, line 256]
Event: 226.303 Thread 0x000002dff806afb0 Exception <a 'java/lang/ClassNotFoundException'{0x00000000845850c8}: org/gradle/plugin/management/internal/DefaultPluginManagementSpecCustomizer> (0x00000000845850c8) 
thrown [s\src\hotspot\share\classfile\systemDictionary.cpp, line 256]
Event: 226.433 Thread 0x000002dff806afb0 Exception <a 'java/lang/ClassNotFoundException'{0x00000000845aa070}: org/gradle/plugin/management/internal/DefaultPluginManagementSpec_DecoratedCustomizer> (0x00000000845aa070) 
thrown [s\src\hotspot\share\classfile\systemDictionary.cpp, line 256]
Event: 228.558 Thread 0x000002dff806afb0 Exception <a 'java/lang/ClassNotFoundException'{0x00000000843e6b00}: org/gradle/plugin/use/internal/PluginRequestCollector$PluginDependenciesSpecImplBeanInfo> (0x00000000843e6b00) 
thrown [s\src\hotspot\share\classfile\systemDictionary.cpp, line 256]
Event: 228.559 Thread 0x000002dff806afb0 Exception <a 'java/lang/ClassNotFoundException'{0x00000000843f7be8}: org/gradle/plugin/use/internal/PluginRequestCollector$PluginDependenciesSpecImplCustomizer> (0x00000000843f7be8) 
thrown [s\src\hotspot\share\classfile\systemDictionary.cpp, line 256]
Event: 228.775 Thread 0x000002dff806afb0 Exception <a 'java/lang/NoSuchMethodError'{0x00000000842664b8}: 'void java.lang.invoke.DirectMethodHandle$Holder.invokeStatic(java.lang.Object, java.lang.Object, java.lang.Object, java.lang.Object, java.lang.Object, java.lang.Object)'> (0x00000000842664b8) 
thrown [s\src\hotspot\share\interpreter\linkResolver.cpp, line 759]
Event: 230.609 Thread 0x000002dff806afb0 Exception <a 'java/lang/IncompatibleClassChangeError'{0x000000008414c390}: Found class java.lang.Object, but interface was expected> (0x000000008414c390) 
thrown [s\src\hotspot\share\interpreter\linkResolver.cpp, line 826]
Event: 232.191 Thread 0x000002dff806afb0 Exception <a 'java/lang/NoSuchMethodError'{0x00000000858951b8}: 'void java.lang.invoke.DirectMethodHandle$Holder.invokeInterface(java.lang.Object, java.lang.Object)'> (0x00000000858951b8) 
thrown [s\src\hotspot\share\interpreter\linkResolver.cpp, line 759]

VM Operations (20 events):
Event: 222.936 Executing VM operation: Cleanup
Event: 222.936 Executing VM operation: Cleanup done
Event: 223.945 Executing VM operation: Cleanup
Event: 223.945 Executing VM operation: Cleanup done
Event: 224.945 Executing VM operation: Cleanup
Event: 225.511 Executing VM operation: Cleanup done
Event: 226.514 Executing VM operation: Cleanup
Event: 226.514 Executing VM operation: Cleanup done
Event: 229.530 Executing VM operation: Cleanup
Event: 229.530 Executing VM operation: Cleanup done
Event: 231.542 Executing VM operation: Cleanup
Event: 231.542 Executing VM operation: Cleanup done
Event: 231.893 Executing VM operation: CollectForMetadataAllocation
Event: 231.985 Executing VM operation: CollectForMetadataAllocation done
Event: 232.552 Executing VM operation: CollectForMetadataAllocation
Event: 232.639 Executing VM operation: CollectForMetadataAllocation done
Event: 232.789 Executing VM operation: G1PauseRemark
Event: 232.836 Executing VM operation: G1PauseRemark done
Event: 232.850 Executing VM operation: G1PauseCleanup
Event: 233.013 Executing VM operation: G1PauseCleanup done

Memory protections (0 events):
No events

Nmethod flushes (0 events):
No events

Events (20 events):
Event: 113.521 Thread 0x000002dff89e6b00 Thread added: 0x000002dff8a671b0
Event: 114.456 Thread 0x000002dff8a671b0 Thread added: 0x000002dff8571ae0
Event: 116.857 Thread 0x000002dff8a671b0 Thread added: 0x000002dff806aaa0
Event: 118.130 Thread 0x000002dff8a671b0 Thread added: 0x000002dff806afb0
Event: 119.003 Thread 0x000002dff806afb0 Thread added: 0x000002dff8069b70
Event: 120.019 Thread 0x000002dff806afb0 Thread added: 0x000002dff806b4c0
Event: 120.025 Thread 0x000002dff806afb0 Thread added: 0x000002dff806a590
Event: 126.759 Thread 0x000002dff806afb0 Thread added: 0x000002dff806b9d0
Event: 127.182 Thread 0x000002dff806afb0 Thread added: 0x000002dff806bee0
Event: 127.260 Thread 0x000002dff806afb0 Thread added: 0x000002dff8068730
Event: 128.512 Thread 0x000002dff806bee0 Thread added: 0x000002dff8068c40
Event: 152.243 Thread 0x000002dff806afb0 Thread added: 0x000002dff8069150
Event: 155.436 Thread 0x000002dff806afb0 Thread added: 0x000002dff8069660
Event: 161.623 Thread 0x000002dff806afb0 Thread added: 0x000002dff94e0bb0
Event: 162.585 Thread 0x000002dff806afb0 Thread added: 0x000002dff94e1ae0
Event: 170.535 Thread 0x000002dff806afb0 Thread added: 0x000002dff94dc9e0
Event: 171.683 Thread 0x000002dff806afb0 Thread added: 0x000002dff94e10c0
Event: 176.694 Thread 0x000002dff806afb0 Thread added: 0x000002dff94e1ff0
Event: 181.171 Thread 0x000002dff806afb0 Thread added: 0x000002dff94df260
Event: 215.509 Thread 0x000002dff806afb0 Thread added: 0x000002dff94de330


Dynamic libraries:
0x00007ff7d48f0000 - 0x00007ff7d48fe000 	C:\Program Files\Microsoft\jdk-17.0.13.11-hotspot\bin\java.exe
0x00007ffdc4890000 - 0x00007ffdc4a88000 	C:\Windows\SYSTEM32\ntdll.dll
0x00007ffdc3900000 - 0x00007ffdc39c2000 	C:\Windows\System32\KERNEL32.DLL
0x00007ffdc2200000 - 0x00007ffdc24fe000 	C:\Windows\System32\KERNELBASE.dll
0x00007ffdc27b0000 - 0x00007ffdc28b0000 	C:\Windows\System32\ucrtbase.dll
0x00007ffdbf180000 - 0x00007ffdbf197000 	C:\Program Files\Microsoft\jdk-17.0.13.11-hotspot\bin\jli.dll
0x00007ffdc3ba0000 - 0x00007ffdc3d3d000 	C:\Windows\System32\USER32.dll
0x00007ffdc2090000 - 0x00007ffdc20b2000 	C:\Windows\System32\win32u.dll
0x00007ffdc29c0000 - 0x00007ffdc29eb000 	C:\Windows\System32\GDI32.dll
0x00007ffdc25b0000 - 0x00007ffdc26c7000 	C:\Windows\System32\gdi32full.dll
0x00007ffdc20c0000 - 0x00007ffdc215d000 	C:\Windows\System32\msvcp_win.dll
0x00007ffdb3860000 - 0x00007ffdb387d000 	C:\Program Files\Microsoft\jdk-17.0.13.11-hotspot\bin\VCRUNTIME140.dll
0x00007ffdb72d0000 - 0x00007ffdb756a000 	C:\Windows\WinSxS\amd64_microsoft.windows.common-controls_6595b64144ccf1df_6.0.19041.4355_none_60b8b9eb71f62e16\COMCTL32.dll
0x00007ffdc2c80000 - 0x00007ffdc2d1e000 	C:\Windows\System32\msvcrt.dll
0x00007ffdc46c0000 - 0x00007ffdc46ef000 	C:\Windows\System32\IMM32.DLL
0x00007ffdbf370000 - 0x00007ffdbf37c000 	C:\Program Files\Microsoft\jdk-17.0.13.11-hotspot\bin\vcruntime140_1.dll
0x00007ffdb2f20000 - 0x00007ffdb2fad000 	C:\Program Files\Microsoft\jdk-17.0.13.11-hotspot\bin\msvcp140.dll
0x00007ffd8a0c0000 - 0x00007ffd8ad31000 	C:\Program Files\Microsoft\jdk-17.0.13.11-hotspot\bin\server\jvm.dll
0x00007ffdc39d0000 - 0x00007ffdc3a81000 	C:\Windows\System32\ADVAPI32.dll
0x00007ffdc3670000 - 0x00007ffdc370f000 	C:\Windows\System32\sechost.dll
0x00007ffdc4720000 - 0x00007ffdc4843000 	C:\Windows\System32\RPCRT4.dll
0x00007ffdc21d0000 - 0x00007ffdc21f7000 	C:\Windows\System32\bcrypt.dll
0x00007ffdc3d40000 - 0x00007ffdc3dab000 	C:\Windows\System32\WS2_32.dll
0x00007ffdc1d90000 - 0x00007ffdc1ddb000 	C:\Windows\SYSTEM32\POWRPROF.dll
0x00007ffdbcfd0000 - 0x00007ffdbcff7000 	C:\Windows\SYSTEM32\WINMM.dll
0x00007ffdbce10000 - 0x00007ffdbce1a000 	C:\Windows\SYSTEM32\VERSION.dll
0x00007ffdc1d70000 - 0x00007ffdc1d82000 	C:\Windows\SYSTEM32\UMPDC.dll
0x00007ffdbfd90000 - 0x00007ffdbfda2000 	C:\Windows\SYSTEM32\kernel.appcore.dll
0x00007ffdb3850000 - 0x00007ffdb385a000 	C:\Program Files\Microsoft\jdk-17.0.13.11-hotspot\bin\jimage.dll
0x00007ffda39a0000 - 0x00007ffda3b84000 	C:\Windows\SYSTEM32\DBGHELP.DLL
0x00007ffda3960000 - 0x00007ffda3994000 	C:\Windows\SYSTEM32\dbgcore.DLL
0x00007ffdc2720000 - 0x00007ffdc27a2000 	C:\Windows\System32\bcryptPrimitives.dll
0x00007ffdbf260000 - 0x00007ffdbf26e000 	C:\Program Files\Microsoft\jdk-17.0.13.11-hotspot\bin\instrument.dll
0x00007ffdb3820000 - 0x00007ffdb3845000 	C:\Program Files\Microsoft\jdk-17.0.13.11-hotspot\bin\java.dll
0x00007ffd9f8b0000 - 0x00007ffd9f987000 	C:\Program Files\Microsoft\jdk-17.0.13.11-hotspot\bin\jsvml.dll
0x00007ffdc3f50000 - 0x00007ffdc46bd000 	C:\Windows\System32\SHELL32.dll
0x00007ffdbff90000 - 0x00007ffdc0734000 	C:\Windows\SYSTEM32\windows.storage.dll
0x00007ffdc2e40000 - 0x00007ffdc3193000 	C:\Windows\System32\combase.dll
0x00007ffdc17b0000 - 0x00007ffdc17de000 	C:\Windows\SYSTEM32\Wldp.dll
0x00007ffdc3710000 - 0x00007ffdc37dd000 	C:\Windows\System32\OLEAUT32.dll
0x00007ffdc37e0000 - 0x00007ffdc388d000 	C:\Windows\System32\SHCORE.dll
0x00007ffdc3db0000 - 0x00007ffdc3e05000 	C:\Windows\System32\shlwapi.dll
0x00007ffdc1e60000 - 0x00007ffdc1e84000 	C:\Windows\SYSTEM32\profapi.dll
0x00007ffdb2ff0000 - 0x00007ffdb3008000 	C:\Program Files\Microsoft\jdk-17.0.13.11-hotspot\bin\zip.dll
0x00007ffdb3800000 - 0x00007ffdb381a000 	C:\Program Files\Microsoft\jdk-17.0.13.11-hotspot\bin\net.dll
0x00007ffdbb9f0000 - 0x00007ffdbbafd000 	C:\Windows\SYSTEM32\WINHTTP.dll
0x00007ffdc1590000 - 0x00007ffdc15fa000 	C:\Windows\system32\mswsock.dll
0x00007ffdb3010000 - 0x00007ffdb3026000 	C:\Program Files\Microsoft\jdk-17.0.13.11-hotspot\bin\nio.dll
0x00007ffdb37f0000 - 0x00007ffdb3800000 	C:\Program Files\Microsoft\jdk-17.0.13.11-hotspot\bin\verify.dll
0x00007ffdbf1a0000 - 0x00007ffdbf1c7000 	C:\Users\ONDEZX\.gradle\native\c067742578af261105cb4f569cf0c3c89f3d7b1fecec35dd04571415982c5e48\windows-amd64\native-platform.dll
0x00007ffd9f760000 - 0x00007ffd9f8a4000 	C:\Users\ONDEZX\.gradle\native\100fb08df4bc3b14c8652ba06237920a3bd2aa13389f12d3474272988ae205f9\windows-amd64\native-platform-file-events.dll
0x00007ffdb2fe0000 - 0x00007ffdb2fea000 	C:\Program Files\Microsoft\jdk-17.0.13.11-hotspot\bin\management.dll
0x00007ffdb2fd0000 - 0x00007ffdb2fdb000 	C:\Program Files\Microsoft\jdk-17.0.13.11-hotspot\bin\management_ext.dll
0x00007ffdc3f40000 - 0x00007ffdc3f48000 	C:\Windows\System32\PSAPI.DLL
0x00007ffdc1940000 - 0x00007ffdc1958000 	C:\Windows\SYSTEM32\CRYPTSP.dll
0x00007ffdc0ed0000 - 0x00007ffdc0f04000 	C:\Windows\system32\rsaenh.dll
0x00007ffdc1de0000 - 0x00007ffdc1e0e000 	C:\Windows\SYSTEM32\USERENV.dll
0x00007ffdc1720000 - 0x00007ffdc172c000 	C:\Windows\SYSTEM32\CRYPTBASE.dll
0x00007ffdc1290000 - 0x00007ffdc12cb000 	C:\Windows\SYSTEM32\IPHLPAPI.DLL
0x00007ffdc46f0000 - 0x00007ffdc46f8000 	C:\Windows\System32\NSI.dll
0x00007ffdbabc0000 - 0x00007ffdbabd7000 	C:\Windows\SYSTEM32\dhcpcsvc6.DLL
0x00007ffdbae80000 - 0x00007ffdbae9d000 	C:\Windows\SYSTEM32\dhcpcsvc.DLL
0x00007ffdc12d0000 - 0x00007ffdc139a000 	C:\Windows\SYSTEM32\DNSAPI.dll
0x00007ffdb2fc0000 - 0x00007ffdb2fc9000 	C:\Program Files\Microsoft\jdk-17.0.13.11-hotspot\bin\extnet.dll
0x00007ffdb2f10000 - 0x00007ffdb2f1e000 	C:\Program Files\Microsoft\jdk-17.0.13.11-hotspot\bin\sunmscapi.dll
0x00007ffdc1f30000 - 0x00007ffdc208c000 	C:\Windows\System32\CRYPT32.dll
0x00007ffdc1820000 - 0x00007ffdc1847000 	C:\Windows\SYSTEM32\ncrypt.dll
0x00007ffdc17e0000 - 0x00007ffdc181b000 	C:\Windows\SYSTEM32\NTASN1.dll
0x00007ffd96190000 - 0x00007ffd96197000 	C:\Windows\system32\wshunix.dll

dbghelp: loaded successfully - version: 4.0.5 - missing functions: none
symbol engine: initialized successfully - sym options: 0x614 - pdb path: .;C:\Program Files\Microsoft\jdk-17.0.13.11-hotspot\bin;C:\Windows\SYSTEM32;C:\Windows\WinSxS\amd64_microsoft.windows.common-controls_6595b64144ccf1df_6.0.19041.4355_none_60b8b9eb71f62e16;C:\Program Files\Microsoft\jdk-17.0.13.11-hotspot\bin\server;C:\Users\ONDEZX\.gradle\native\c067742578af261105cb4f569cf0c3c89f3d7b1fecec35dd04571415982c5e48\windows-amd64;C:\Users\ONDEZX\.gradle\native\100fb08df4bc3b14c8652ba06237920a3bd2aa13389f12d3474272988ae205f9\windows-amd64

VM Arguments:
jvm_args: -XX:MaxMetaspaceSize=512m --add-opens=java.base/java.util=ALL-UNNAMED --add-opens=java.base/java.lang=ALL-UNNAMED --add-opens=java.base/java.lang.invoke=ALL-UNNAMED --add-opens=java.prefs/java.util.prefs=ALL-UNNAMED --add-exports=jdk.compiler/com.sun.tools.javac.api=ALL-UNNAMED --add-exports=jdk.compiler/com.sun.tools.javac.util=ALL-UNNAMED --add-opens=java.base/java.nio.charset=ALL-UNNAMED --add-opens=java.base/java.net=ALL-UNNAMED --add-opens=java.base/java.util.concurrent.atomic=ALL-UNNAMED -Xmx2048m -Dfile.encoding=windows-1252 -Duser.country=IN -Duser.language=en -Duser.variant -javaagent:C:\Users\ONDEZX\.gradle\wrapper\dists\gradle-8.10.2-all\7iv73wktx1xtkvlq19urqw1wm\gradle-8.10.2\lib\agents\gradle-instrumentation-agent-8.10.2.jar 
java_command: org.gradle.launcher.daemon.bootstrap.GradleDaemon 8.10.2
java_class_path (initial): C:\Users\ONDEZX\.gradle\wrapper\dists\gradle-8.10.2-all\7iv73wktx1xtkvlq19urqw1wm\gradle-8.10.2\lib\gradle-daemon-main-8.10.2.jar
Launcher Type: SUN_STANDARD

[Global flags]
     intx CICompilerCount                          = 2                                         {product} {ergonomic}
   size_t CompressedClassSpaceSize                 = 436207616                                 {product} {ergonomic}
     uint ConcGCThreads                            = 1                                         {product} {ergonomic}
     uint G1ConcRefinementThreads                  = 2                                         {product} {ergonomic}
   size_t G1HeapRegionSize                         = 1048576                                   {product} {ergonomic}
    uintx GCDrainStackTargetSize                   = 64                                        {product} {ergonomic}
   size_t InitialHeapSize                          = 132120576                                 {product} {ergonomic}
   size_t MarkStackSize                            = 4194304                                   {product} {ergonomic}
   size_t MaxHeapSize                              = 2147483648                                {product} {command line}
   size_t MaxMetaspaceSize                         = 536870912                                 {product} {command line}
   size_t MaxNewSize                               = 1287651328                                {product} {ergonomic}
   size_t MinHeapDeltaBytes                        = 1048576                                   {product} {ergonomic}
   size_t MinHeapSize                              = 8388608                                   {product} {ergonomic}
    uintx NonNMethodCodeHeapSize                   = 5826188                                {pd product} {ergonomic}
    uintx NonProfiledCodeHeapSize                  = 122916026                              {pd product} {ergonomic}
    uintx ProfiledCodeHeapSize                     = 122916026                              {pd product} {ergonomic}
    uintx ReservedCodeCacheSize                    = 251658240                              {pd product} {ergonomic}
     bool SegmentedCodeCache                       = true                                      {product} {ergonomic}
   size_t SoftMaxHeapSize                          = 2147483648                             {manageable} {ergonomic}
     bool UseCompressedClassPointers               = true                           {product lp64_product} {ergonomic}
     bool UseCompressedOops                        = true                           {product lp64_product} {ergonomic}
     bool UseG1GC                                  = true                                      {product} {ergonomic}
     bool UseLargePagesIndividualAllocation        = false                                  {pd product} {ergonomic}

Logging:
Log output configuration:
 #0: stdout all=warning uptime,level,tags
 #1: stderr all=off uptime,level,tags

Environment Variables:
JAVA_HOME=C:\Program Files\Microsoft\jdk-17.0.13.11-hotspot\
CLASSPATH=C:\Users\ONDEZX\Desktop\pasupathi\testing\AwesomeProject\android\\gradle\wrapper\gradle-wrapper.jar
PATH=C:\Users\ONDEZX\Desktop\pasupathi\testing\AwesomeProject\node_modules\.bin;C:\Users\ONDEZX\Desktop\pasupathi\testing\AwesomeProject\node_modules\.bin;C:\Users\ONDEZX\Desktop\pasupathi\testing\node_modules\.bin;C:\Users\ONDEZX\Desktop\pasupathi\node_modules\.bin;C:\Users\ONDEZX\Desktop\node_modules\.bin;C:\Users\ONDEZX\node_modules\.bin;C:\Users\node_modules\.bin;C:\node_modules\.bin;C:\Program Files\nodejs\node_modules\npm\node_modules\@npmcli\run-script\lib\node-gyp-bin;C:\Users\ONDEZX\Desktop\pasupathi\testing\AwesomeProject\node_modules\.bin;C:\Users\ONDEZX\Desktop\pasupathi\testing\AwesomeProject\node_modules\.bin;C:\Users\ONDEZX\Desktop\pasupathi\testing\node_modules\.bin;C:\Users\ONDEZX\Desktop\pasupathi\node_modules\.bin;C:\Users\ONDEZX\Desktop\node_modules\.bin;C:\Users\ONDEZX\node_modules\.bin;C:\Users\node_modules\.bin;C:\node_modules\.bin;C:\Users\ONDEZX\bin;C:\Program Files\Git\mingw64\bin;C:\Program Files\Git\usr\local\bin;C:\Program Files\Git\usr\bin;C:\Program Files\Git\usr\bin;C:\Program Files\Git\mingw64\bin;C:\Program Files\Git\usr\bin;C:\Users\ONDEZX\bin;C:\Program Files\Microsoft\jdk-17.0.13.11-hotspot\bin;C:\Windows\system32;C:\Windows;C:\Windows\System32\Wbem;C:\Windows\System32\WindowsPowerShell\v1.0;C:\Windows\System32\OpenSSH;C:\ProgramData\chocolatey\bin;C:\Program Files\nodejs;%LOCALAPPDATA%\Android\Sdk\platform-tools;C:\Program Files\Git\cmd;C:\Program Files\Git\usr\bin;C:\Users\ONDEZX\AppData\Local\Android\Sdk;C:\Users\ONDEZX\AppData\Local\Android\Sdk\tools;C:\Users\ONDEZX\AppData\Local\Programs\Python\Python313\Scripts;C:\Users\ONDEZX\AppData\Local\Programs\Python\Python313;C:\Users\ONDEZX\AppData\Local\Programs\Python\Launcher;C:\Users\ONDEZX\AppData\Local\Microsoft\WindowsApps;C:\Users\ONDEZX\AppData\Local\Programs\Microsoft VS Code\bin;C:\Users\ONDEZX\AppData\Roaming\npm;C:\Users\ONDEZX\AppData\Local\Android\Sdk\platform-tools;C:\Program Files\Git\usr\bin\vendor_perl;C:\Program Files\Git\usr\bin\core_perl
USERNAME=ONDEZX
SHELL=C:\Program Files\Git\usr\bin\bash.exe
DISPLAY=needs-to-be-defined
LANG=en_US.UTF-8
TERM=xterm-256color
TMPDIR=C:\Windows\TEMP
OS=Windows_NT
PROCESSOR_IDENTIFIER=Intel64 Family 6 Model 94 Stepping 3, GenuineIntel
TMP=C:\Windows\TEMP
TEMP=C:\Users\ONDEZX\AppData\Local\Temp



Periodic native trim disabled


---------------  S Y S T E M  ---------------

OS:
 Windows 10 , 64 bit Build 19041 (10.0.19041.5072)
OS uptime: 1 days 5:04 hours
Hyper-V role detected

CPU: total 2 (initial active 2) (2 cores per cpu, 2 threads per core) family 6 model 94 stepping 3 microcode 0xcc, cx8, cmov, fxsr, ht, mmx, 3dnowpref, sse, sse2, sse3, ssse3, sse4.1, sse4.2, popcnt, lzcnt, tsc, tscinvbit, avx, avx2, aes, erms, clmul, bmi1, bmi2, adx, fma, vzeroupper, clflush, clflushopt, hv
Processor Information for the first 2 processors :
  Max Mhz: 3696, Current Mhz: 3696, Mhz Limit: 3696

Memory: 4k page, system-wide physical 8055M (256M free)
TotalPageFile size 23246M (AvailPageFile size 207M)
current process WorkingSet (physical memory assigned to process): 169M, peak: 185M
current process commit charge ("private bytes"): 242M, peak: 268M

vm_info: OpenJDK 64-Bit Server VM (17.0.13+11-LTS) for windows-amd64 JRE (17.0.13+11-LTS), built on Oct 11 2024 23:25:05 by "MicrosoftCorporation" with unknown MS VC++:1939

END.
